#
# A fatal error has been detected by the Java Runtime Environment:
#
#  EXCEPTION_ACCESS_VIOLATION (0xc0000005) at pc=0x00007ffb95876910, pid=4756, tid=15948
#
# JRE version: Java(TM) SE Runtime Environment (17.0.12+8) (build 17.0.12+8-LTS-286)
# Java VM: Java HotSpot(TM) 64-Bit Server VM (17.0.12+8-LTS-286, mixed mode, sharing, tiered, compressed oops, compressed class ptrs, g1 gc, windows-amd64)
# Problematic frame:
# V  [jvm.dll+0x366910]
#
# No core dump will be written. Minidumps are not enabled by default on client versions of Windows
#
# If you would like to submit a bug report, please visit:
#   https://bugreport.java.com/bugreport/crash.jsp
#

---------------  S U M M A R Y ------------

Command Line: --add-opens=java.base/java.util=ALL-UNNAMED --add-opens=java.base/java.lang=ALL-UNNAMED --add-opens=java.base/java.lang.invoke=ALL-UNNAMED --add-opens=java.prefs/java.util.prefs=ALL-UNNAMED --add-exports=jdk.compiler/com.sun.tools.javac.api=ALL-UNNAMED --add-exports=jdk.compiler/com.sun.tools.javac.util=ALL-UNNAMED --add-opens=java.base/java.nio.charset=ALL-UNNAMED --add-opens=java.base/java.net=ALL-UNNAMED --add-opens=java.base/java.util.concurrent.atomic=ALL-UNNAMED -Xmx2048m -Dfile.encoding=UTF-8 -Duser.country=GB -Duser.language=en -Duser.variant -javaagent:C:\Users\berat\.gradle\wrapper\dists\gradle-8.9-bin\90cnw93cvbtalezasaz0blq0a\gradle-8.9\lib\agents\gradle-instrumentation-agent-8.9.jar org.gradle.launcher.daemon.bootstrap.GradleDaemon 8.9

Host: AMD Ryzen 5 3600 6-Core Processor              , 12 cores, 15G,  Windows 11 , 64 bit Build 26100 (10.0.26100.5074)
Time: Sat Sep  6 18:56:08 2025 Turkey Standard Time elapsed time: 9.396943 seconds (0d 0h 0m 9s)

---------------  T H R E A D  ---------------

Current thread (0x0000027d7f06b5b0):  JavaThread "C2 CompilerThread0" daemon [_thread_in_native, id=15948, stack(0x0000009431500000,0x0000009431600000)]


Current CompileTask:
C2:   9397 8562       4       org.jetbrains.kotlin.com.intellij.openapi.vfs.impl.ArchiveHandler::processEntry (225 bytes)

Stack: [0x0000009431500000,0x0000009431600000],  sp=0x00000094315fba50,  free space=1006k
Native frames: (J=compiled Java code, j=interpreted, Vv=VM code, C=native code)
V  [jvm.dll+0x366910]
V  [jvm.dll+0x3600e1]
V  [jvm.dll+0x1ba1dc]
V  [jvm.dll+0x216997]
V  [jvm.dll+0x215c6f]
V  [jvm.dll+0x1a2960]
V  [jvm.dll+0x22610b]
V  [jvm.dll+0x2242ab]
V  [jvm.dll+0x79075c]
V  [jvm.dll+0x78abea]
V  [jvm.dll+0x678f35]
C  [ucrtbase.dll+0x37b0]
C  [KERNEL32.DLL+0x2e8d7]
C  [ntdll.dll+0x8d9c]


siginfo: EXCEPTION_ACCESS_VIOLATION (0xc0000005), reading address 0x00007f7b960198e8


Registers:
RAX=0x0000000000000000, RBX=0x0000000000000003, RCX=0x0000000000000000, RDX=0x00007f7b960198e8
RSP=0x00000094315fba50, RBP=0x00007ffb960198e8, RSI=0x00000000000007f7, RDI=0x00000094315fbaa0
R8 =0x0080000000000000, R9 =0x0000000000000004, R10=0x0000027d5789d738, R11=0x0000000000000000
R12=0x0000000000000000, R13=0x00000000000003d8, R14=0x0000000000000037, R15=0x00007ffb960198e8
RIP=0x00007ffb95876910, EFLAGS=0x0000000000010246


Register to memory mapping:

RIP=0x00007ffb95876910 jvm.dll
RAX=0x0 is NULL
RBX=0x0000000000000003 is an unknown value
RCX=0x0 is NULL
RDX=0x00007f7b960198e8 is an unknown value
RSP=0x00000094315fba50 is pointing into the stack for thread: 0x0000027d7f06b5b0
RBP=0x00007ffb960198e8 jvm.dll
RSI=0x00000000000007f7 is an unknown value
RDI=0x00000094315fbaa0 is pointing into the stack for thread: 0x0000027d7f06b5b0
R8 =0x0080000000000000 is an unknown value
R9 =0x0000000000000004 is an unknown value
R10=0x0000027d5789d738 points into unknown readable memory: 0x0000000000000000 | 00 00 00 00 00 00 00 00
R11=0x0 is NULL
R12=0x0 is NULL
R13=0x00000000000003d8 is an unknown value
R14=0x0000000000000037 is an unknown value
R15=0x00007ffb960198e8 jvm.dll


Top of Stack: (sp=0x00000094315fba50)
0x00000094315fba50:   00007ffb96010000 0000000000000000
0x00000094315fba60:   00000000001906b8 0000027d588d8b00
0x00000094315fba70:   00000000000007f7 00007ffb958700e1
0x00000094315fba80:   0000027d5a16a1d0 00000094315fbbc0
0x00000094315fba90:   00000000000007f7 00007ffb95e184a0
0x00000094315fbaa0:   0000000000000000 0000000300000086
0x00000094315fbab0:   0000000800000001 00007f7b960198e8
0x00000094315fbac0:   0000027d5a1b4880 0000027d5a1b4870
0x00000094315fbad0:   0000000000000001 0000027d5abe1178
0x00000094315fbae0:   00000094315fbbf0 00007ffb956ca1dc
0x00000094315fbaf0:   00000094315fbf70 0000027d5abe0da0
0x00000094315fbb00:   00000094315fc050 0000027d5abe0d90
0x00000094315fbb10:   0000027d00000000 00007ffbb9ab895f
0x00000094315fbb20:   0000000000000006 0000027d5abe0d90
0x00000094315fbb30:   0000027d56cf2900 0000027d56cf4290
0x00000094315fbb40:   0000027d56cfa8e8 0000000000141030 

Instructions: (pc=0x00007ffb95876910)
0x00007ffb95876810:   48 8b 8e d0 08 00 00 48 85 c9 75 0c e8 7f 09 00
0x00007ffb95876820:   00 48 8b 8e d0 08 00 00 48 8b 01 0f 57 c0 48 89
0x00007ffb95876830:   86 d0 08 00 00 0f 11 01 0f 11 41 10 0f 10 45 00
0x00007ffb95876840:   0f 11 01 0f 10 4d 10 0f 11 49 10 48 8b 43 08 49
0x00007ffb95876850:   89 0c 06 48 8d 0d 8e 30 7a 00 ff c7 ba 50 00 00
0x00007ffb95876860:   00 3b bb 90 00 00 00 0f 82 63 ff ff ff 4c 8b 74
0x00007ffb95876870:   24 58 4c 8b 64 24 50 48 8b c3 48 8b 5c 24 60 48
0x00007ffb95876880:   83 c4 20 41 5f 41 5d 5f 5e 5d c3 cc cc cc cc cc
0x00007ffb95876890:   48 89 74 24 18 57 48 83 ec 20 8b 51 0c 48 8b f9
0x00007ffb958768a0:   83 fa 04 73 29 48 8b 49 18 0f 1f 80 00 00 00 00
0x00007ffb958768b0:   8b c2 44 8d 4a 01 48 83 3c c1 00 4c 8d 14 c1 0f
0x00007ffb958768c0:   85 91 00 00 00 41 8b d1 41 83 f9 04 72 e2 48 89
0x00007ffb958768d0:   5c 24 30 8b 5f 10 48 89 6c 24 38 3b 5f 14 73 5f
0x00007ffb958768e0:   48 8d 2d 01 30 7a 00 66 0f 1f 84 00 00 00 00 00
0x00007ffb958768f0:   48 8b 47 20 8b cb 48 8b 14 c8 48 3b d5 74 39 33
0x00007ffb95876900:   c0 48 89 57 18 33 c9 66 0f 1f 84 00 00 00 00 00
0x00007ffb95876910:   48 83 3c 11 00 44 8d 48 01 75 78 48 83 c1 08 41
0x00007ffb95876920:   8b c1 41 83 f9 04 72 e8 48 8b 4f 28 48 85 c9 74
0x00007ffb95876930:   07 8b d3 e8 58 01 00 00 ff c3 3b 5f 14 72 b1 33
0x00007ffb95876940:   c0 48 8b 5c 24 30 48 8b 6c 24 38 48 8b 74 24 40
0x00007ffb95876950:   48 83 c4 20 5f c3 8b 47 10 48 8b 74 24 40 44 8d
0x00007ffb95876960:   04 82 41 c1 e0 06 41 81 c0 00 ff ff ff 44 89 47
0x00007ffb95876970:   08 49 8b 12 48 0f bc c2 44 89 4f 0c 8b c8 48 d3
0x00007ffb95876980:   ea 48 ff ca 41 03 c0 48 89 17 89 47 08 48 83 c4
0x00007ffb95876990:   20 5f c3 8b c8 44 8d 04 98 41 c1 e0 06 8d 43 01
0x00007ffb958769a0:   44 89 47 08 48 8b 14 ca 89 47 10 48 0f bc c2 44
0x00007ffb958769b0:   89 4f 0c 8b c8 48 d3 ea 48 ff ca 41 03 c0 48 89
0x00007ffb958769c0:   17 89 47 08 e9 78 ff ff ff cc cc cc cc cc cc cc
0x00007ffb958769d0:   40 53 48 83 ec 20 65 48 8b 04 25 58 00 00 00 8b
0x00007ffb958769e0:   0d 93 18 7e 00 48 8b 1c c8 b8 50 00 00 00 80 3c
0x00007ffb958769f0:   18 00 75 05 e8 b3 fa 4c 00 b8 20 00 00 00 48 8b
0x00007ffb95876a00:   04 18 48 8b 88 d8 04 00 00 48 8b 99 80 00 00 00 


Stack slot to memory mapping:
stack at sp + 0 slots: 0x00007ffb96010000 jvm.dll
stack at sp + 1 slots: 0x0 is NULL
stack at sp + 2 slots: 0x00000000001906b8 is an unknown value
stack at sp + 3 slots: 0x0000027d588d8b00 points into unknown readable memory: 0x0000000000000000 | 00 00 00 00 00 00 00 00
stack at sp + 4 slots: 0x00000000000007f7 is an unknown value
stack at sp + 5 slots: 0x00007ffb958700e1 jvm.dll
stack at sp + 6 slots: 0x0000027d5a16a1d0 points into unknown readable memory: 0x0000000800000394 | 94 03 00 00 08 00 00 00
stack at sp + 7 slots: 0x00000094315fbbc0 is pointing into the stack for thread: 0x0000027d7f06b5b0


---------------  P R O C E S S  ---------------

Threads class SMR info:
_java_thread_list=0x0000027d5a211a00, length=88, elements={
0x0000027d71897120, 0x0000027d7ef33740, 0x0000027d7ef33e20, 0x0000027d7ef4bc30,
0x0000027d7ef4e220, 0x0000027d7ef4e700, 0x0000027d7f06b0d0, 0x0000027d7f06b5b0,
0x0000027d7f077090, 0x0000027d7f0775b0, 0x0000027d7ef20d90, 0x0000027d7f224980,
0x0000027d57401db0, 0x0000027d5746f030, 0x0000027d574ee530, 0x0000027d7f4579a0,
0x0000027d7f8658b0, 0x0000027d57868a60, 0x0000027d57869ea0, 0x0000027d5786b7f0,
0x0000027d5786a8c0, 0x0000027d5786b2e0, 0x0000027d57868550, 0x0000027d5786a3b0,
0x0000027d5786bd00, 0x0000027d57868f70, 0x0000027d5786add0, 0x0000027d57869480,
0x0000027d57869990, 0x0000027d58ce0260, 0x0000027d58cdee20, 0x0000027d58cdf840,
0x0000027d58ce1190, 0x0000027d58ce0770, 0x0000027d58cdf330, 0x0000027d58ce25d0,
0x0000027d58ce2ff0, 0x0000027d58ce3500, 0x0000027d58cdfd50, 0x0000027d58ce5d80,
0x0000027d58ce4e50, 0x0000027d58ce4430, 0x0000027d58ce6290, 0x0000027d58ce3a10,
0x0000027d58ce5870, 0x0000027d58ce3f20, 0x0000027d58ce4940, 0x0000027d58ea1a80,
0x0000027d58ea4300, 0x0000027d58ea1f90, 0x0000027d58ea4810, 0x0000027d58ea24a0,
0x0000027d58ea2ec0, 0x0000027d58ea38e0, 0x0000027d58ea3df0, 0x0000027d58ea4d20,
0x0000027d58ea1570, 0x0000027d58ea5740, 0x0000027d58ea6160, 0x0000027d58ea29b0,
0x0000027d58ea6b80, 0x0000027d58ea5c50, 0x0000027d58ea6670, 0x0000027d58ea7fc0,
0x0000027d58ea75a0, 0x0000027d58ea7090, 0x0000027d58ea84d0, 0x0000027d58ea89e0,
0x0000027d58ea7ab0, 0x0000027d58ea5230, 0x0000027d592973d0, 0x0000027d59298300,
0x0000027d5929a160, 0x0000027d59299c50, 0x0000027d5929b090, 0x0000027d59299230,
0x0000027d59298810, 0x0000027d5929a670, 0x0000027d59297df0, 0x0000027d5929ab80,
0x0000027d592978e0, 0x0000027d5929bab0, 0x0000027d5929b5a0, 0x0000027d5929c4d0,
0x0000027d5929bfc0, 0x0000027d59298d20, 0x0000027d7f8a9ea0, 0x0000027d7f8aa3f0
}

Java Threads: ( => current thread )
  0x0000027d71897120 JavaThread "main" [_thread_blocked, id=15836, stack(0x0000009430800000,0x0000009430900000)]
  0x0000027d7ef33740 JavaThread "Reference Handler" daemon [_thread_blocked, id=13032, stack(0x0000009430f00000,0x0000009431000000)]
  0x0000027d7ef33e20 JavaThread "Finalizer" daemon [_thread_blocked, id=13004, stack(0x0000009431000000,0x0000009431100000)]
  0x0000027d7ef4bc30 JavaThread "Signal Dispatcher" daemon [_thread_blocked, id=17404, stack(0x0000009431100000,0x0000009431200000)]
  0x0000027d7ef4e220 JavaThread "Attach Listener" daemon [_thread_blocked, id=5008, stack(0x0000009431200000,0x0000009431300000)]
  0x0000027d7ef4e700 JavaThread "Service Thread" daemon [_thread_blocked, id=13708, stack(0x0000009431300000,0x0000009431400000)]
  0x0000027d7f06b0d0 JavaThread "Monitor Deflation Thread" daemon [_thread_blocked, id=16792, stack(0x0000009431400000,0x0000009431500000)]
=>0x0000027d7f06b5b0 JavaThread "C2 CompilerThread0" daemon [_thread_in_native, id=15948, stack(0x0000009431500000,0x0000009431600000)]
  0x0000027d7f077090 JavaThread "C1 CompilerThread0" daemon [_thread_blocked, id=4652, stack(0x0000009431600000,0x0000009431700000)]
  0x0000027d7f0775b0 JavaThread "Sweeper thread" daemon [_thread_blocked, id=1664, stack(0x0000009431700000,0x0000009431800000)]
  0x0000027d7ef20d90 JavaThread "Common-Cleaner" daemon [_thread_blocked, id=17380, stack(0x0000009431800000,0x0000009431900000)]
  0x0000027d7f224980 JavaThread "Notification Thread" daemon [_thread_blocked, id=9396, stack(0x0000009431900000,0x0000009431a00000)]
  0x0000027d57401db0 JavaThread "Daemon health stats" [_thread_blocked, id=15744, stack(0x0000009431b00000,0x0000009431c00000)]
  0x0000027d5746f030 JavaThread "Incoming local TCP Connector on port 50385" [_thread_in_native, id=10656, stack(0x0000009431c00000,0x0000009431d00000)]
  0x0000027d574ee530 JavaThread "Daemon periodic checks" [_thread_blocked, id=1632, stack(0x0000009432200000,0x0000009432300000)]
  0x0000027d7f4579a0 JavaThread "Daemon" [_thread_blocked, id=12336, stack(0x0000009432800000,0x0000009432900000)]
  0x0000027d7f8658b0 JavaThread "Handler for socket connection from /127.0.0.1:50385 to /127.0.0.1:50386" [_thread_in_native, id=1988, stack(0x0000009432900000,0x0000009432a00000)]
  0x0000027d57868a60 JavaThread "Cancel handler" [_thread_blocked, id=16464, stack(0x0000009432a00000,0x0000009432b00000)]
  0x0000027d57869ea0 JavaThread "Daemon worker" [_thread_in_native, id=10748, stack(0x0000009432b00000,0x0000009432c00000)]
  0x0000027d5786b7f0 JavaThread "Asynchronous log dispatcher for DefaultDaemonConnection: socket connection from /127.0.0.1:50385 to /127.0.0.1:50386" [_thread_blocked, id=10412, stack(0x0000009432c00000,0x0000009432d00000)]
  0x0000027d5786a8c0 JavaThread "Stdin handler" [_thread_blocked, id=15984, stack(0x0000009432d00000,0x0000009432e00000)]
  0x0000027d5786b2e0 JavaThread "Daemon client event forwarder" [_thread_blocked, id=17412, stack(0x0000009432e00000,0x0000009432f00000)]
  0x0000027d57868550 JavaThread "Cache worker for journal cache (C:\Users\berat\.gradle\caches\journal-1)" [_thread_blocked, id=17432, stack(0x0000009432f00000,0x0000009433000000)]
  0x0000027d5786a3b0 JavaThread "File lock request listener" [_thread_in_native, id=17436, stack(0x0000009433000000,0x0000009433100000)]
  0x0000027d5786bd00 JavaThread "Cache worker for file hash cache (C:\Users\berat\.gradle\caches\8.9\fileHashes)" [_thread_blocked, id=17524, stack(0x0000009433100000,0x0000009433200000)]
  0x0000027d57868f70 JavaThread "Cache worker for file hash cache (D:\kappakod\projects\writodo\.gradle\8.9\fileHashes)" [_thread_blocked, id=17656, stack(0x0000009433300000,0x0000009433400000)]
  0x0000027d5786add0 JavaThread "Cache worker for Build Output Cleanup Cache (D:\kappakod\projects\writodo\.gradle\buildOutputCleanup)" [_thread_blocked, id=17660, stack(0x0000009433400000,0x0000009433500000)]
  0x0000027d57869480 JavaThread "File watcher server" daemon [_thread_in_native, id=17672, stack(0x0000009433700000,0x0000009433800000)]
  0x0000027d57869990 JavaThread "File watcher consumer" daemon [_thread_blocked, id=17676, stack(0x0000009433800000,0x0000009433900000)]
  0x0000027d58ce0260 JavaThread "Cache worker for checksums cache (D:\kappakod\projects\writodo\.gradle\8.9\checksums)" [_thread_blocked, id=17680, stack(0x0000009433900000,0x0000009433a00000)]
  0x0000027d58cdee20 JavaThread "Cache worker for file content cache (C:\Users\berat\.gradle\caches\8.9\fileContent)" [_thread_blocked, id=17684, stack(0x0000009433a00000,0x0000009433b00000)]
  0x0000027d58cdf840 JavaThread "Cache worker for cache directory md-rule (C:\Users\berat\.gradle\caches\8.9\md-rule)" [_thread_blocked, id=17688, stack(0x0000009433b00000,0x0000009433c00000)]
  0x0000027d58ce1190 JavaThread "Cache worker for cache directory md-supplier (C:\Users\berat\.gradle\caches\8.9\md-supplier)" [_thread_blocked, id=17692, stack(0x0000009433c00000,0x0000009433d00000)]
  0x0000027d58ce0770 JavaThread "jar transforms" [_thread_blocked, id=17696, stack(0x0000009433d00000,0x0000009433e00000)]
  0x0000027d58cdf330 JavaThread "jar transforms Thread 2" [_thread_blocked, id=17700, stack(0x0000009433e00000,0x0000009433f00000)]
  0x0000027d58ce25d0 JavaThread "jar transforms Thread 3" [_thread_blocked, id=17776, stack(0x0000009433f00000,0x0000009434000000)]
  0x0000027d58ce2ff0 JavaThread "Unconstrained build operations" [_thread_blocked, id=17780, stack(0x0000009434000000,0x0000009434100000)]
  0x0000027d58ce3500 JavaThread "Unconstrained build operations Thread 2" [_thread_blocked, id=17784, stack(0x0000009434100000,0x0000009434200000)]
  0x0000027d58cdfd50 JavaThread "Unconstrained build operations Thread 3" [_thread_blocked, id=17788, stack(0x0000009434200000,0x0000009434300000)]
  0x0000027d58ce5d80 JavaThread "Unconstrained build operations Thread 4" [_thread_blocked, id=17792, stack(0x0000009434300000,0x0000009434400000)]
  0x0000027d58ce4e50 JavaThread "Unconstrained build operations Thread 5" [_thread_blocked, id=17796, stack(0x0000009434400000,0x0000009434500000)]
  0x0000027d58ce4430 JavaThread "Unconstrained build operations Thread 6" [_thread_blocked, id=17800, stack(0x0000009434500000,0x0000009434600000)]
  0x0000027d58ce6290 JavaThread "Unconstrained build operations Thread 7" [_thread_blocked, id=17804, stack(0x0000009434600000,0x0000009434700000)]
  0x0000027d58ce3a10 JavaThread "Unconstrained build operations Thread 8" [_thread_blocked, id=17808, stack(0x0000009434700000,0x0000009434800000)]
  0x0000027d58ce5870 JavaThread "jar transforms Thread 4" [_thread_blocked, id=17812, stack(0x0000009434800000,0x0000009434900000)]
  0x0000027d58ce3f20 JavaThread "jar transforms Thread 5" [_thread_blocked, id=17816, stack(0x0000009434900000,0x0000009434a00000)]
  0x0000027d58ce4940 JavaThread "Unconstrained build operations Thread 9" [_thread_blocked, id=17820, stack(0x0000009434a00000,0x0000009434b00000)]
  0x0000027d58ea1a80 JavaThread "Unconstrained build operations Thread 10" [_thread_blocked, id=17824, stack(0x0000009434b00000,0x0000009434c00000)]
  0x0000027d58ea4300 JavaThread "Unconstrained build operations Thread 11" [_thread_blocked, id=17828, stack(0x0000009434c00000,0x0000009434d00000)]
  0x0000027d58ea1f90 JavaThread "Unconstrained build operations Thread 12" [_thread_blocked, id=17832, stack(0x0000009434d00000,0x0000009434e00000)]
  0x0000027d58ea4810 JavaThread "jar transforms Thread 6" [_thread_blocked, id=17836, stack(0x0000009434e00000,0x0000009434f00000)]
  0x0000027d58ea24a0 JavaThread "jar transforms Thread 7" [_thread_blocked, id=17840, stack(0x0000009434f00000,0x0000009435000000)]
  0x0000027d58ea2ec0 JavaThread "jar transforms Thread 8" [_thread_blocked, id=17844, stack(0x0000009435000000,0x0000009435100000)]
  0x0000027d58ea38e0 JavaThread "Unconstrained build operations Thread 13" [_thread_blocked, id=17876, stack(0x0000009435100000,0x0000009435200000)]
  0x0000027d58ea3df0 JavaThread "Unconstrained build operations Thread 14" [_thread_blocked, id=17880, stack(0x0000009435200000,0x0000009435300000)]
  0x0000027d58ea4d20 JavaThread "Unconstrained build operations Thread 15" [_thread_blocked, id=17884, stack(0x0000009435300000,0x0000009435400000)]
  0x0000027d58ea1570 JavaThread "Unconstrained build operations Thread 16" [_thread_blocked, id=17888, stack(0x0000009435400000,0x0000009435500000)]
  0x0000027d58ea5740 JavaThread "Unconstrained build operations Thread 17" [_thread_blocked, id=17892, stack(0x0000009435500000,0x0000009435600000)]
  0x0000027d58ea6160 JavaThread "Unconstrained build operations Thread 18" [_thread_blocked, id=17896, stack(0x0000009435600000,0x0000009435700000)]
  0x0000027d58ea29b0 JavaThread "Unconstrained build operations Thread 19" [_thread_blocked, id=17900, stack(0x0000009435700000,0x0000009435800000)]
  0x0000027d58ea6b80 JavaThread "Unconstrained build operations Thread 20" [_thread_blocked, id=17904, stack(0x0000009435800000,0x0000009435900000)]
  0x0000027d58ea5c50 JavaThread "Unconstrained build operations Thread 21" [_thread_blocked, id=17908, stack(0x0000009435900000,0x0000009435a00000)]
  0x0000027d58ea6670 JavaThread "Unconstrained build operations Thread 22" [_thread_blocked, id=17912, stack(0x0000009435a00000,0x0000009435b00000)]
  0x0000027d58ea7fc0 JavaThread "Unconstrained build operations Thread 23" [_thread_blocked, id=17916, stack(0x0000009435b00000,0x0000009435c00000)]
  0x0000027d58ea75a0 JavaThread "Unconstrained build operations Thread 24" [_thread_blocked, id=17920, stack(0x0000009435c00000,0x0000009435d00000)]
  0x0000027d58ea7090 JavaThread "Unconstrained build operations Thread 25" [_thread_blocked, id=17924, stack(0x0000009435d00000,0x0000009435e00000)]
  0x0000027d58ea84d0 JavaThread "Unconstrained build operations Thread 26" [_thread_blocked, id=17928, stack(0x0000009435e00000,0x0000009435f00000)]
  0x0000027d58ea89e0 JavaThread "Unconstrained build operations Thread 27" [_thread_blocked, id=17932, stack(0x0000009435f00000,0x0000009436000000)]
  0x0000027d58ea7ab0 JavaThread "Unconstrained build operations Thread 28" [_thread_blocked, id=17936, stack(0x0000009436000000,0x0000009436100000)]
  0x0000027d58ea5230 JavaThread "Unconstrained build operations Thread 29" [_thread_blocked, id=17940, stack(0x0000009436100000,0x0000009436200000)]
  0x0000027d592973d0 JavaThread "Unconstrained build operations Thread 30" [_thread_blocked, id=17944, stack(0x0000009436200000,0x0000009436300000)]
  0x0000027d59298300 JavaThread "Unconstrained build operations Thread 31" [_thread_blocked, id=17948, stack(0x0000009436300000,0x0000009436400000)]
  0x0000027d5929a160 JavaThread "Unconstrained build operations Thread 32" [_thread_blocked, id=17952, stack(0x0000009436400000,0x0000009436500000)]
  0x0000027d59299c50 JavaThread "Unconstrained build operations Thread 33" [_thread_blocked, id=17956, stack(0x0000009436500000,0x0000009436600000)]
  0x0000027d5929b090 JavaThread "Unconstrained build operations Thread 34" [_thread_blocked, id=17960, stack(0x0000009436600000,0x0000009436700000)]
  0x0000027d59299230 JavaThread "Unconstrained build operations Thread 35" [_thread_blocked, id=17972, stack(0x0000009436700000,0x0000009436800000)]
  0x0000027d59298810 JavaThread "Unconstrained build operations Thread 36" [_thread_blocked, id=17976, stack(0x0000009436800000,0x0000009436900000)]
  0x0000027d5929a670 JavaThread "Unconstrained build operations Thread 37" [_thread_blocked, id=17980, stack(0x0000009436900000,0x0000009436a00000)]
  0x0000027d59297df0 JavaThread "Unconstrained build operations Thread 38" [_thread_blocked, id=17984, stack(0x0000009436a00000,0x0000009436b00000)]
  0x0000027d5929ab80 JavaThread "Unconstrained build operations Thread 39" [_thread_blocked, id=17988, stack(0x0000009436b00000,0x0000009436c00000)]
  0x0000027d592978e0 JavaThread "Unconstrained build operations Thread 40" [_thread_blocked, id=17992, stack(0x0000009436c00000,0x0000009436d00000)]
  0x0000027d5929bab0 JavaThread "Unconstrained build operations Thread 41" [_thread_blocked, id=17996, stack(0x0000009436d00000,0x0000009436e00000)]
  0x0000027d5929b5a0 JavaThread "Unconstrained build operations Thread 42" [_thread_blocked, id=18000, stack(0x0000009436e00000,0x0000009436f00000)]
  0x0000027d5929c4d0 JavaThread "Unconstrained build operations Thread 43" [_thread_blocked, id=18004, stack(0x0000009436f00000,0x0000009437000000)]
  0x0000027d5929bfc0 JavaThread "Unconstrained build operations Thread 44" [_thread_blocked, id=18008, stack(0x0000009437000000,0x0000009437100000)]
  0x0000027d59298d20 JavaThread "Unconstrained build operations Thread 45" [_thread_blocked, id=18012, stack(0x0000009437100000,0x0000009437200000)]
  0x0000027d7f8a9ea0 JavaThread "C2 CompilerThread1" daemon [_thread_in_native, id=18024, stack(0x0000009432300000,0x0000009432400000)]
  0x0000027d7f8aa3f0 JavaThread "C2 CompilerThread2" daemon [_thread_in_native, id=18028, stack(0x0000009433200000,0x0000009433300000)]

Other Threads:
  0x0000027d7ef30e90 VMThread "VM Thread" [stack: 0x0000009430e00000,0x0000009430f00000] [id=15592]
  0x0000027d719372c0 WatcherThread [stack: 0x0000009431a00000,0x0000009431b00000] [id=8164]
  0x0000027d718f1980 GCTaskThread "GC Thread#0" [stack: 0x0000009430900000,0x0000009430a00000] [id=2456]
  0x0000027d7fa789b0 GCTaskThread "GC Thread#1" [stack: 0x0000009431d00000,0x0000009431e00000] [id=7036]
  0x0000027d7fc0add0 GCTaskThread "GC Thread#2" [stack: 0x0000009431e00000,0x0000009431f00000] [id=14296]
  0x0000027d7fc0b090 GCTaskThread "GC Thread#3" [stack: 0x0000009431f00000,0x0000009432000000] [id=5988]
  0x0000027d7fa66070 GCTaskThread "GC Thread#4" [stack: 0x0000009432000000,0x0000009432100000] [id=9840]
  0x0000027d7fa37920 GCTaskThread "GC Thread#5" [stack: 0x0000009432100000,0x0000009432200000] [id=9420]
  0x0000027d573e2320 GCTaskThread "GC Thread#6" [stack: 0x0000009432400000,0x0000009432500000] [id=364]
  0x0000027d5746f9b0 GCTaskThread "GC Thread#7" [stack: 0x0000009432500000,0x0000009432600000] [id=1984]
  0x0000027d7f73e0a0 GCTaskThread "GC Thread#8" [stack: 0x0000009432600000,0x0000009432700000] [id=12384]
  0x0000027d7f73e360 GCTaskThread "GC Thread#9" [stack: 0x0000009432700000,0x0000009432800000] [id=13392]
  0x0000027d71902940 ConcurrentGCThread "G1 Main Marker" [stack: 0x0000009430a00000,0x0000009430b00000] [id=4604]
  0x0000027d71904c80 ConcurrentGCThread "G1 Conc#0" [stack: 0x0000009430b00000,0x0000009430c00000] [id=8480]
  0x0000027d5775ea40 ConcurrentGCThread "G1 Conc#1" [stack: 0x0000009433500000,0x0000009433600000] [id=17664]
  0x0000027d5775d440 ConcurrentGCThread "G1 Conc#2" [stack: 0x0000009433600000,0x0000009433700000] [id=17668]
  0x0000027d7195e5f0 ConcurrentGCThread "G1 Refine#0" [stack: 0x0000009430c00000,0x0000009430d00000] [id=16976]
  0x0000027d7195e9e0 ConcurrentGCThread "G1 Service" [stack: 0x0000009430d00000,0x0000009430e00000] [id=7000]

Threads with active compile tasks:
C2 CompilerThread0     9459 8562       4       org.jetbrains.kotlin.com.intellij.openapi.vfs.impl.ArchiveHandler::processEntry (225 bytes)
C2 CompilerThread1     9459 8645       4       java.util.zip.ZipFile$Source::initCEN (591 bytes)
C2 CompilerThread2     9459 8617       4       org.jetbrains.kotlin.com.intellij.util.containers.FactoryMap::get (69 bytes)

VM state: not at safepoint (normal execution)

VM Mutex/Monitor currently owned by a thread: None

Heap address: 0x0000000080000000, size: 2048 MB, Compressed Oops mode: 32-bit

CDS archive(s) mapped at: [0x0000027d11000000-0x0000027d11bd0000-0x0000027d11bd0000), size 12386304, SharedBaseAddress: 0x0000027d11000000, ArchiveRelocationMode: 1.
Compressed class space mapped at: 0x0000027d12000000-0x0000027d52000000, reserved size: 1073741824
Narrow klass base: 0x0000027d11000000, Narrow klass shift: 0, Narrow klass range: 0x100000000

GC Precious Log:
 CPUs: 12 total, 12 available
 Memory: 16291M
 Large Page Support: Disabled
 NUMA Support: Disabled
 Compressed Oops: Enabled (32-bit)
 Heap Region Size: 1M
 Heap Min Capacity: 8M
 Heap Initial Capacity: 256M
 Heap Max Capacity: 2G
 Pre-touch: Disabled
 Parallel Workers: 10
 Concurrent Workers: 3
 Concurrent Refinement Workers: 10
 Periodic GC: Disabled

Heap:
 garbage-first heap   total 235520K, used 131452K [0x0000000080000000, 0x0000000100000000)
  region size 1024K, 63 young (64512K), 8 survivors (8192K)
 Metaspace       used 69728K, committed 70464K, reserved 1114112K
  class space    used 9988K, committed 10304K, reserved 1048576K

Heap Regions: E=young(eden), S=young(survivor), O=old, HS=humongous(starts), HC=humongous(continues), CS=collection set, F=free, OA=open archive, CA=closed archive, TAMS=top-at-mark-start (previous, next)
|   0|0x0000000080000000, 0x0000000080100000, 0x0000000080100000|100%|HS|  |TAMS 0x0000000080100000, 0x0000000080000000| Complete 
|   1|0x0000000080100000, 0x0000000080200000, 0x0000000080200000|100%|HC|  |TAMS 0x0000000080200000, 0x0000000080100000| Complete 
|   2|0x0000000080200000, 0x0000000080300000, 0x0000000080300000|100%|HC|  |TAMS 0x0000000080300000, 0x0000000080200000| Complete 
|   3|0x0000000080300000, 0x0000000080400000, 0x0000000080400000|100%|HC|  |TAMS 0x0000000080400000, 0x0000000080300000| Complete 
|   4|0x0000000080400000, 0x0000000080500000, 0x0000000080500000|100%| O|  |TAMS 0x0000000080500000, 0x0000000080400000| Untracked 
|   5|0x0000000080500000, 0x0000000080600000, 0x0000000080600000|100%| O|  |TAMS 0x0000000080600000, 0x0000000080500000| Untracked 
|   6|0x0000000080600000, 0x0000000080700000, 0x0000000080700000|100%| O|  |TAMS 0x0000000080700000, 0x0000000080600000| Untracked 
|   7|0x0000000080700000, 0x0000000080800000, 0x0000000080800000|100%| O|  |TAMS 0x0000000080800000, 0x0000000080700000| Untracked 
|   8|0x0000000080800000, 0x0000000080900000, 0x0000000080900000|100%| O|  |TAMS 0x0000000080900000, 0x0000000080800000| Untracked 
|   9|0x0000000080900000, 0x0000000080a00000, 0x0000000080a00000|100%| O|  |TAMS 0x0000000080a00000, 0x0000000080900000| Untracked 
|  10|0x0000000080a00000, 0x0000000080acf600, 0x0000000080b00000| 81%| O|  |TAMS 0x0000000080acf600, 0x0000000080a00000| Untracked 
|  11|0x0000000080b00000, 0x0000000080c00000, 0x0000000080c00000|100%|HS|  |TAMS 0x0000000080c00000, 0x0000000080b00000| Complete 
|  12|0x0000000080c00000, 0x0000000080d00000, 0x0000000080d00000|100%| O|  |TAMS 0x0000000080d00000, 0x0000000080c00000| Untracked 
|  13|0x0000000080d00000, 0x0000000080e00000, 0x0000000080e00000|100%| O|  |TAMS 0x0000000080e00000, 0x0000000080d00000| Untracked 
|  14|0x0000000080e00000, 0x0000000080f00000, 0x0000000080f00000|100%| O|  |TAMS 0x0000000080f00000, 0x0000000080e00000| Untracked 
|  15|0x0000000080f00000, 0x0000000081000000, 0x0000000081000000|100%| O|  |TAMS 0x0000000081000000, 0x0000000080f00000| Untracked 
|  16|0x0000000081000000, 0x0000000081100000, 0x0000000081100000|100%| O|  |TAMS 0x0000000081100000, 0x0000000081000000| Untracked 
|  17|0x0000000081100000, 0x0000000081200000, 0x0000000081200000|100%| O|  |TAMS 0x0000000081200000, 0x0000000081100000| Untracked 
|  18|0x0000000081200000, 0x0000000081300000, 0x0000000081300000|100%| O|  |TAMS 0x0000000081300000, 0x0000000081200000| Untracked 
|  19|0x0000000081300000, 0x0000000081400000, 0x0000000081400000|100%| O|  |TAMS 0x0000000081400000, 0x0000000081300000| Untracked 
|  20|0x0000000081400000, 0x0000000081500000, 0x0000000081500000|100%| O|  |TAMS 0x0000000081500000, 0x0000000081400000| Untracked 
|  21|0x0000000081500000, 0x0000000081600000, 0x0000000081600000|100%| O|  |TAMS 0x0000000081600000, 0x0000000081500000| Untracked 
|  22|0x0000000081600000, 0x0000000081700000, 0x0000000081700000|100%| O|  |TAMS 0x0000000081700000, 0x0000000081600000| Untracked 
|  23|0x0000000081700000, 0x0000000081800000, 0x0000000081800000|100%| O|  |TAMS 0x0000000081800000, 0x0000000081700000| Untracked 
|  24|0x0000000081800000, 0x0000000081900000, 0x0000000081900000|100%| O|  |TAMS 0x0000000081900000, 0x0000000081800000| Untracked 
|  25|0x0000000081900000, 0x0000000081a00000, 0x0000000081a00000|100%| O|  |TAMS 0x0000000081a00000, 0x0000000081900000| Untracked 
|  26|0x0000000081a00000, 0x0000000081b00000, 0x0000000081b00000|100%| O|  |TAMS 0x0000000081b00000, 0x0000000081a00000| Untracked 
|  27|0x0000000081b00000, 0x0000000081c00000, 0x0000000081c00000|100%| O|  |TAMS 0x0000000081c00000, 0x0000000081b00000| Untracked 
|  28|0x0000000081c00000, 0x0000000081d00000, 0x0000000081d00000|100%| O|  |TAMS 0x0000000081d00000, 0x0000000081c00000| Untracked 
|  29|0x0000000081d00000, 0x0000000081e00000, 0x0000000081e00000|100%| O|  |TAMS 0x0000000081e00000, 0x0000000081d00000| Untracked 
|  30|0x0000000081e00000, 0x0000000081f00000, 0x0000000081f00000|100%| O|  |TAMS 0x0000000081f00000, 0x0000000081e00000| Untracked 
|  31|0x0000000081f00000, 0x0000000082000000, 0x0000000082000000|100%| O|  |TAMS 0x0000000082000000, 0x0000000081f00000| Untracked 
|  32|0x0000000082000000, 0x0000000082100000, 0x0000000082100000|100%| O|  |TAMS 0x0000000082100000, 0x0000000082000000| Untracked 
|  33|0x0000000082100000, 0x0000000082200000, 0x0000000082200000|100%| O|  |TAMS 0x0000000082200000, 0x0000000082100000| Untracked 
|  34|0x0000000082200000, 0x0000000082300000, 0x0000000082300000|100%| O|  |TAMS 0x0000000082300000, 0x0000000082200000| Untracked 
|  35|0x0000000082300000, 0x0000000082400000, 0x0000000082400000|100%| O|  |TAMS 0x0000000082400000, 0x0000000082300000| Untracked 
|  36|0x0000000082400000, 0x0000000082500000, 0x0000000082500000|100%| O|  |TAMS 0x0000000082500000, 0x0000000082400000| Untracked 
|  37|0x0000000082500000, 0x0000000082600000, 0x0000000082600000|100%| O|  |TAMS 0x0000000082600000, 0x0000000082500000| Untracked 
|  38|0x0000000082600000, 0x0000000082700000, 0x0000000082700000|100%| O|  |TAMS 0x0000000082600000, 0x0000000082600000| Untracked 
|  39|0x0000000082700000, 0x0000000082800000, 0x0000000082800000|100%| O|  |TAMS 0x0000000082800000, 0x0000000082700000| Untracked 
|  40|0x0000000082800000, 0x0000000082900000, 0x0000000082900000|100%| O|  |TAMS 0x0000000082900000, 0x0000000082800000| Untracked 
|  41|0x0000000082900000, 0x0000000082a00000, 0x0000000082a00000|100%| O|  |TAMS 0x0000000082a00000, 0x0000000082900000| Untracked 
|  42|0x0000000082a00000, 0x0000000082b00000, 0x0000000082b00000|100%| O|  |TAMS 0x0000000082b00000, 0x0000000082a00000| Untracked 
|  43|0x0000000082b00000, 0x0000000082c00000, 0x0000000082c00000|100%| O|  |TAMS 0x0000000082c00000, 0x0000000082b00000| Untracked 
|  44|0x0000000082c00000, 0x0000000082d00000, 0x0000000082d00000|100%| O|  |TAMS 0x0000000082d00000, 0x0000000082c00000| Untracked 
|  45|0x0000000082d00000, 0x0000000082e00000, 0x0000000082e00000|100%| O|  |TAMS 0x0000000082e00000, 0x0000000082d00000| Untracked 
|  46|0x0000000082e00000, 0x0000000082f00000, 0x0000000082f00000|100%| O|  |TAMS 0x0000000082f00000, 0x0000000082e00000| Untracked 
|  47|0x0000000082f00000, 0x0000000083000000, 0x0000000083000000|100%| O|  |TAMS 0x0000000083000000, 0x0000000082f00000| Untracked 
|  48|0x0000000083000000, 0x0000000083100000, 0x0000000083100000|100%| O|  |TAMS 0x0000000083100000, 0x0000000083000000| Untracked 
|  49|0x0000000083100000, 0x0000000083200000, 0x0000000083200000|100%| O|  |TAMS 0x0000000083200000, 0x0000000083100000| Untracked 
|  50|0x0000000083200000, 0x0000000083300000, 0x0000000083300000|100%| O|  |TAMS 0x0000000083300000, 0x0000000083200000| Untracked 
|  51|0x0000000083300000, 0x0000000083400000, 0x0000000083400000|100%| O|  |TAMS 0x0000000083400000, 0x0000000083300000| Untracked 
|  52|0x0000000083400000, 0x0000000083500000, 0x0000000083500000|100%|HS|  |TAMS 0x0000000083400000, 0x0000000083400000| Complete 
|  53|0x0000000083500000, 0x0000000083600000, 0x0000000083600000|100%|HS|  |TAMS 0x0000000083500000, 0x0000000083500000| Complete 
|  54|0x0000000083600000, 0x0000000083700000, 0x0000000083700000|100%| O|  |TAMS 0x00000000836bf400, 0x0000000083600000| Untracked 
|  55|0x0000000083700000, 0x0000000083800000, 0x0000000083800000|100%| O|  |TAMS 0x0000000083700000, 0x0000000083700000| Untracked 
|  56|0x0000000083800000, 0x0000000083900000, 0x0000000083900000|100%| O|  |TAMS 0x0000000083800000, 0x0000000083800000| Untracked 
|  57|0x0000000083900000, 0x00000000839b1400, 0x0000000083a00000| 69%| O|  |TAMS 0x0000000083900000, 0x0000000083900000| Untracked 
|  58|0x0000000083a00000, 0x0000000083b00000, 0x0000000083b00000|100%|HS|  |TAMS 0x0000000083a00000, 0x0000000083a00000| Complete 
|  59|0x0000000083b00000, 0x0000000083c00000, 0x0000000083c00000|100%|HC|  |TAMS 0x0000000083b00000, 0x0000000083b00000| Complete 
|  60|0x0000000083c00000, 0x0000000083d00000, 0x0000000083d00000|100%|HC|  |TAMS 0x0000000083c00000, 0x0000000083c00000| Complete 
|  61|0x0000000083d00000, 0x0000000083e00000, 0x0000000083e00000|100%|HC|  |TAMS 0x0000000083d00000, 0x0000000083d00000| Complete 
|  62|0x0000000083e00000, 0x0000000083f00000, 0x0000000083f00000|100%|HC|  |TAMS 0x0000000083e00000, 0x0000000083e00000| Complete 
|  63|0x0000000083f00000, 0x0000000084000000, 0x0000000084000000|100%|HC|  |TAMS 0x0000000083f00000, 0x0000000083f00000| Complete 
|  64|0x0000000084000000, 0x0000000084100000, 0x0000000084100000|100%|HS|  |TAMS 0x0000000084000000, 0x0000000084000000| Complete 
|  65|0x0000000084100000, 0x0000000084200000, 0x0000000084200000|100%|HS|  |TAMS 0x0000000084100000, 0x0000000084100000| Complete 
|  66|0x0000000084200000, 0x0000000084300000, 0x0000000084300000|100%|HC|  |TAMS 0x0000000084200000, 0x0000000084200000| Complete 
|  67|0x0000000084300000, 0x0000000084300000, 0x0000000084400000|  0%| F|  |TAMS 0x0000000084300000, 0x0000000084300000| Untracked 
|  68|0x0000000084400000, 0x0000000084400000, 0x0000000084500000|  0%| F|  |TAMS 0x0000000084400000, 0x0000000084400000| Untracked 
|  69|0x0000000084500000, 0x0000000084500000, 0x0000000084600000|  0%| F|  |TAMS 0x0000000084500000, 0x0000000084500000| Untracked 
|  70|0x0000000084600000, 0x0000000084600000, 0x0000000084700000|  0%| F|  |TAMS 0x0000000084600000, 0x0000000084600000| Untracked 
|  71|0x0000000084700000, 0x0000000084700000, 0x0000000084800000|  0%| F|  |TAMS 0x0000000084700000, 0x0000000084700000| Untracked 
|  72|0x0000000084800000, 0x0000000084800000, 0x0000000084900000|  0%| F|  |TAMS 0x0000000084800000, 0x0000000084800000| Untracked 
|  73|0x0000000084900000, 0x0000000084900000, 0x0000000084a00000|  0%| F|  |TAMS 0x0000000084900000, 0x0000000084900000| Untracked 
|  74|0x0000000084a00000, 0x0000000084a00000, 0x0000000084b00000|  0%| F|  |TAMS 0x0000000084a00000, 0x0000000084a00000| Untracked 
|  75|0x0000000084b00000, 0x0000000084b00000, 0x0000000084c00000|  0%| F|  |TAMS 0x0000000084b00000, 0x0000000084b00000| Untracked 
|  76|0x0000000084c00000, 0x0000000084c00000, 0x0000000084d00000|  0%| F|  |TAMS 0x0000000084c00000, 0x0000000084c00000| Untracked 
|  77|0x0000000084d00000, 0x0000000084d00000, 0x0000000084e00000|  0%| F|  |TAMS 0x0000000084d00000, 0x0000000084d00000| Untracked 
|  78|0x0000000084e00000, 0x0000000084e00000, 0x0000000084f00000|  0%| F|  |TAMS 0x0000000084e00000, 0x0000000084e00000| Untracked 
|  79|0x0000000084f00000, 0x0000000084f00000, 0x0000000085000000|  0%| F|  |TAMS 0x0000000084f00000, 0x0000000084f00000| Untracked 
|  80|0x0000000085000000, 0x0000000085000000, 0x0000000085100000|  0%| F|  |TAMS 0x0000000085000000, 0x0000000085000000| Untracked 
|  81|0x0000000085100000, 0x0000000085100000, 0x0000000085200000|  0%| F|  |TAMS 0x0000000085100000, 0x0000000085100000| Untracked 
|  82|0x0000000085200000, 0x0000000085200000, 0x0000000085300000|  0%| F|  |TAMS 0x0000000085200000, 0x0000000085200000| Untracked 
|  83|0x0000000085300000, 0x0000000085300000, 0x0000000085400000|  0%| F|  |TAMS 0x0000000085300000, 0x0000000085300000| Untracked 
|  84|0x0000000085400000, 0x0000000085400000, 0x0000000085500000|  0%| F|  |TAMS 0x0000000085400000, 0x0000000085400000| Untracked 
|  85|0x0000000085500000, 0x0000000085500000, 0x0000000085600000|  0%| F|  |TAMS 0x0000000085500000, 0x0000000085500000| Untracked 
|  86|0x0000000085600000, 0x0000000085600000, 0x0000000085700000|  0%| F|  |TAMS 0x0000000085600000, 0x0000000085600000| Untracked 
|  87|0x0000000085700000, 0x0000000085700000, 0x0000000085800000|  0%| F|  |TAMS 0x0000000085700000, 0x0000000085700000| Untracked 
|  88|0x0000000085800000, 0x0000000085800000, 0x0000000085900000|  0%| F|  |TAMS 0x0000000085800000, 0x0000000085800000| Untracked 
|  89|0x0000000085900000, 0x0000000085900000, 0x0000000085a00000|  0%| F|  |TAMS 0x0000000085900000, 0x0000000085900000| Untracked 
|  90|0x0000000085a00000, 0x0000000085a00000, 0x0000000085b00000|  0%| F|  |TAMS 0x0000000085a00000, 0x0000000085a00000| Untracked 
|  91|0x0000000085b00000, 0x0000000085b00000, 0x0000000085c00000|  0%| F|  |TAMS 0x0000000085b00000, 0x0000000085b00000| Untracked 
|  92|0x0000000085c00000, 0x0000000085c00000, 0x0000000085d00000|  0%| F|  |TAMS 0x0000000085c00000, 0x0000000085c00000| Untracked 
|  93|0x0000000085d00000, 0x0000000085d00000, 0x0000000085e00000|  0%| F|  |TAMS 0x0000000085d00000, 0x0000000085d00000| Untracked 
|  94|0x0000000085e00000, 0x0000000085e00000, 0x0000000085f00000|  0%| F|  |TAMS 0x0000000085e00000, 0x0000000085e00000| Untracked 
|  95|0x0000000085f00000, 0x0000000085f00000, 0x0000000086000000|  0%| F|  |TAMS 0x0000000085f00000, 0x0000000085f00000| Untracked 
|  96|0x0000000086000000, 0x0000000086000000, 0x0000000086100000|  0%| F|  |TAMS 0x0000000086000000, 0x0000000086000000| Untracked 
|  97|0x0000000086100000, 0x0000000086100000, 0x0000000086200000|  0%| F|  |TAMS 0x0000000086100000, 0x0000000086100000| Untracked 
|  98|0x0000000086200000, 0x0000000086200000, 0x0000000086300000|  0%| F|  |TAMS 0x0000000086200000, 0x0000000086200000| Untracked 
|  99|0x0000000086300000, 0x0000000086300000, 0x0000000086400000|  0%| F|  |TAMS 0x0000000086300000, 0x0000000086300000| Untracked 
| 100|0x0000000086400000, 0x0000000086400000, 0x0000000086500000|  0%| F|  |TAMS 0x0000000086400000, 0x0000000086400000| Untracked 
| 101|0x0000000086500000, 0x00000000865de9b0, 0x0000000086600000| 86%| S|CS|TAMS 0x0000000086500000, 0x0000000086500000| Complete 
| 102|0x0000000086600000, 0x0000000086700000, 0x0000000086700000|100%| S|CS|TAMS 0x0000000086600000, 0x0000000086600000| Complete 
| 103|0x0000000086700000, 0x0000000086800000, 0x0000000086800000|100%| S|CS|TAMS 0x0000000086700000, 0x0000000086700000| Complete 
| 104|0x0000000086800000, 0x0000000086900000, 0x0000000086900000|100%| S|CS|TAMS 0x0000000086800000, 0x0000000086800000| Complete 
| 105|0x0000000086900000, 0x0000000086a00000, 0x0000000086a00000|100%| S|CS|TAMS 0x0000000086900000, 0x0000000086900000| Complete 
| 106|0x0000000086a00000, 0x0000000086b00000, 0x0000000086b00000|100%| S|CS|TAMS 0x0000000086a00000, 0x0000000086a00000| Complete 
| 107|0x0000000086b00000, 0x0000000086c00000, 0x0000000086c00000|100%| S|CS|TAMS 0x0000000086b00000, 0x0000000086b00000| Complete 
| 108|0x0000000086c00000, 0x0000000086d00000, 0x0000000086d00000|100%| S|CS|TAMS 0x0000000086c00000, 0x0000000086c00000| Complete 
| 109|0x0000000086d00000, 0x0000000086d00000, 0x0000000086e00000|  0%| F|  |TAMS 0x0000000086d00000, 0x0000000086d00000| Untracked 
| 110|0x0000000086e00000, 0x0000000086e00000, 0x0000000086f00000|  0%| F|  |TAMS 0x0000000086e00000, 0x0000000086e00000| Untracked 
| 111|0x0000000086f00000, 0x0000000086f00000, 0x0000000087000000|  0%| F|  |TAMS 0x0000000086f00000, 0x0000000086f00000| Untracked 
| 112|0x0000000087000000, 0x0000000087000000, 0x0000000087100000|  0%| F|  |TAMS 0x0000000087000000, 0x0000000087000000| Untracked 
| 113|0x0000000087100000, 0x0000000087100000, 0x0000000087200000|  0%| F|  |TAMS 0x0000000087100000, 0x0000000087100000| Untracked 
| 114|0x0000000087200000, 0x0000000087200000, 0x0000000087300000|  0%| F|  |TAMS 0x0000000087200000, 0x0000000087200000| Untracked 
| 115|0x0000000087300000, 0x0000000087300000, 0x0000000087400000|  0%| F|  |TAMS 0x0000000087300000, 0x0000000087300000| Untracked 
| 116|0x0000000087400000, 0x0000000087400000, 0x0000000087500000|  0%| F|  |TAMS 0x0000000087400000, 0x0000000087400000| Untracked 
| 117|0x0000000087500000, 0x0000000087500000, 0x0000000087600000|  0%| F|  |TAMS 0x0000000087500000, 0x0000000087500000| Untracked 
| 118|0x0000000087600000, 0x0000000087600000, 0x0000000087700000|  0%| F|  |TAMS 0x0000000087600000, 0x0000000087600000| Untracked 
| 119|0x0000000087700000, 0x0000000087700000, 0x0000000087800000|  0%| F|  |TAMS 0x0000000087700000, 0x0000000087700000| Untracked 
| 120|0x0000000087800000, 0x0000000087800000, 0x0000000087900000|  0%| F|  |TAMS 0x0000000087800000, 0x0000000087800000| Untracked 
| 121|0x0000000087900000, 0x0000000087900000, 0x0000000087a00000|  0%| F|  |TAMS 0x0000000087900000, 0x0000000087900000| Untracked 
| 122|0x0000000087a00000, 0x0000000087a00000, 0x0000000087b00000|  0%| F|  |TAMS 0x0000000087a00000, 0x0000000087a00000| Untracked 
| 123|0x0000000087b00000, 0x0000000087b00000, 0x0000000087c00000|  0%| F|  |TAMS 0x0000000087b00000, 0x0000000087b00000| Untracked 
| 124|0x0000000087c00000, 0x0000000087c00000, 0x0000000087d00000|  0%| F|  |TAMS 0x0000000087c00000, 0x0000000087c00000| Untracked 
| 125|0x0000000087d00000, 0x0000000087d00000, 0x0000000087e00000|  0%| F|  |TAMS 0x0000000087d00000, 0x0000000087d00000| Untracked 
| 126|0x0000000087e00000, 0x0000000087e00000, 0x0000000087f00000|  0%| F|  |TAMS 0x0000000087e00000, 0x0000000087e00000| Untracked 
| 127|0x0000000087f00000, 0x0000000087f00000, 0x0000000088000000|  0%| F|  |TAMS 0x0000000087f00000, 0x0000000087f00000| Untracked 
| 128|0x0000000088000000, 0x0000000088000000, 0x0000000088100000|  0%| F|  |TAMS 0x0000000088000000, 0x0000000088000000| Untracked 
| 129|0x0000000088100000, 0x0000000088100000, 0x0000000088200000|  0%| F|  |TAMS 0x0000000088100000, 0x0000000088100000| Untracked 
| 130|0x0000000088200000, 0x0000000088200000, 0x0000000088300000|  0%| F|  |TAMS 0x0000000088200000, 0x0000000088200000| Untracked 
| 131|0x0000000088300000, 0x0000000088300000, 0x0000000088400000|  0%| F|  |TAMS 0x0000000088300000, 0x0000000088300000| Untracked 
| 132|0x0000000088400000, 0x0000000088400000, 0x0000000088500000|  0%| F|  |TAMS 0x0000000088400000, 0x0000000088400000| Untracked 
| 133|0x0000000088500000, 0x0000000088500000, 0x0000000088600000|  0%| F|  |TAMS 0x0000000088500000, 0x0000000088500000| Untracked 
| 134|0x0000000088600000, 0x0000000088600000, 0x0000000088700000|  0%| F|  |TAMS 0x0000000088600000, 0x0000000088600000| Untracked 
| 135|0x0000000088700000, 0x0000000088700000, 0x0000000088800000|  0%| F|  |TAMS 0x0000000088700000, 0x0000000088700000| Untracked 
| 136|0x0000000088800000, 0x0000000088800000, 0x0000000088900000|  0%| F|  |TAMS 0x0000000088800000, 0x0000000088800000| Untracked 
| 137|0x0000000088900000, 0x0000000088900000, 0x0000000088a00000|  0%| F|  |TAMS 0x0000000088900000, 0x0000000088900000| Untracked 
| 138|0x0000000088a00000, 0x0000000088a00000, 0x0000000088b00000|  0%| F|  |TAMS 0x0000000088a00000, 0x0000000088a00000| Untracked 
| 139|0x0000000088b00000, 0x0000000088b00000, 0x0000000088c00000|  0%| F|  |TAMS 0x0000000088b00000, 0x0000000088b00000| Untracked 
| 140|0x0000000088c00000, 0x0000000088c00000, 0x0000000088d00000|  0%| F|  |TAMS 0x0000000088c00000, 0x0000000088c00000| Untracked 
| 141|0x0000000088d00000, 0x0000000088d00000, 0x0000000088e00000|  0%| F|  |TAMS 0x0000000088d00000, 0x0000000088d00000| Untracked 
| 142|0x0000000088e00000, 0x0000000088e00000, 0x0000000088f00000|  0%| F|  |TAMS 0x0000000088e00000, 0x0000000088e00000| Untracked 
| 143|0x0000000088f00000, 0x0000000088f00000, 0x0000000089000000|  0%| F|  |TAMS 0x0000000088f00000, 0x0000000088f00000| Untracked 
| 144|0x0000000089000000, 0x0000000089000000, 0x0000000089100000|  0%| F|  |TAMS 0x0000000089000000, 0x0000000089000000| Untracked 
| 145|0x0000000089100000, 0x0000000089100000, 0x0000000089200000|  0%| F|  |TAMS 0x0000000089100000, 0x0000000089100000| Untracked 
| 146|0x0000000089200000, 0x0000000089200000, 0x0000000089300000|  0%| F|  |TAMS 0x0000000089200000, 0x0000000089200000| Untracked 
| 147|0x0000000089300000, 0x0000000089300000, 0x0000000089400000|  0%| F|  |TAMS 0x0000000089300000, 0x0000000089300000| Untracked 
| 148|0x0000000089400000, 0x0000000089400000, 0x0000000089500000|  0%| F|  |TAMS 0x0000000089400000, 0x0000000089400000| Untracked 
| 149|0x0000000089500000, 0x0000000089500000, 0x0000000089600000|  0%| F|  |TAMS 0x0000000089500000, 0x0000000089500000| Untracked 
| 150|0x0000000089600000, 0x0000000089600000, 0x0000000089700000|  0%| F|  |TAMS 0x0000000089600000, 0x0000000089600000| Untracked 
| 151|0x0000000089700000, 0x0000000089700000, 0x0000000089800000|  0%| F|  |TAMS 0x0000000089700000, 0x0000000089700000| Untracked 
| 152|0x0000000089800000, 0x0000000089800000, 0x0000000089900000|  0%| F|  |TAMS 0x0000000089800000, 0x0000000089800000| Untracked 
| 153|0x0000000089900000, 0x0000000089900000, 0x0000000089a00000|  0%| F|  |TAMS 0x0000000089900000, 0x0000000089900000| Untracked 
| 154|0x0000000089a00000, 0x0000000089a00000, 0x0000000089b00000|  0%| F|  |TAMS 0x0000000089a00000, 0x0000000089a00000| Untracked 
| 155|0x0000000089b00000, 0x0000000089b00000, 0x0000000089c00000|  0%| F|  |TAMS 0x0000000089b00000, 0x0000000089b00000| Untracked 
| 156|0x0000000089c00000, 0x0000000089c00000, 0x0000000089d00000|  0%| F|  |TAMS 0x0000000089c00000, 0x0000000089c00000| Untracked 
| 157|0x0000000089d00000, 0x0000000089d00000, 0x0000000089e00000|  0%| F|  |TAMS 0x0000000089d00000, 0x0000000089d00000| Untracked 
| 158|0x0000000089e00000, 0x0000000089e00000, 0x0000000089f00000|  0%| F|  |TAMS 0x0000000089e00000, 0x0000000089e00000| Untracked 
| 159|0x0000000089f00000, 0x0000000089f00000, 0x000000008a000000|  0%| F|  |TAMS 0x0000000089f00000, 0x0000000089f00000| Untracked 
| 160|0x000000008a000000, 0x000000008a000000, 0x000000008a100000|  0%| F|  |TAMS 0x000000008a000000, 0x000000008a000000| Untracked 
| 161|0x000000008a100000, 0x000000008a100000, 0x000000008a200000|  0%| F|  |TAMS 0x000000008a100000, 0x000000008a100000| Untracked 
| 162|0x000000008a200000, 0x000000008a200000, 0x000000008a300000|  0%| F|  |TAMS 0x000000008a200000, 0x000000008a200000| Untracked 
| 163|0x000000008a300000, 0x000000008a300000, 0x000000008a400000|  0%| F|  |TAMS 0x000000008a300000, 0x000000008a300000| Untracked 
| 164|0x000000008a400000, 0x000000008a400000, 0x000000008a500000|  0%| F|  |TAMS 0x000000008a400000, 0x000000008a400000| Untracked 
| 165|0x000000008a500000, 0x000000008a500000, 0x000000008a600000|  0%| F|  |TAMS 0x000000008a500000, 0x000000008a500000| Untracked 
| 166|0x000000008a600000, 0x000000008a600000, 0x000000008a700000|  0%| F|  |TAMS 0x000000008a600000, 0x000000008a600000| Untracked 
| 167|0x000000008a700000, 0x000000008a700000, 0x000000008a800000|  0%| F|  |TAMS 0x000000008a700000, 0x000000008a700000| Untracked 
| 168|0x000000008a800000, 0x000000008a800000, 0x000000008a900000|  0%| F|  |TAMS 0x000000008a800000, 0x000000008a800000| Untracked 
| 169|0x000000008a900000, 0x000000008a900000, 0x000000008aa00000|  0%| F|  |TAMS 0x000000008a900000, 0x000000008a900000| Untracked 
| 170|0x000000008aa00000, 0x000000008aa00000, 0x000000008ab00000|  0%| F|  |TAMS 0x000000008aa00000, 0x000000008aa00000| Untracked 
| 171|0x000000008ab00000, 0x000000008ab00000, 0x000000008ac00000|  0%| F|  |TAMS 0x000000008ab00000, 0x000000008ab00000| Untracked 
| 172|0x000000008ac00000, 0x000000008ac00000, 0x000000008ad00000|  0%| F|  |TAMS 0x000000008ac00000, 0x000000008ac00000| Untracked 
| 173|0x000000008ad00000, 0x000000008ad00000, 0x000000008ae00000|  0%| F|  |TAMS 0x000000008ad00000, 0x000000008ad00000| Untracked 
| 174|0x000000008ae00000, 0x000000008ae00000, 0x000000008af00000|  0%| F|  |TAMS 0x000000008ae00000, 0x000000008ae00000| Untracked 
| 175|0x000000008af00000, 0x000000008b000000, 0x000000008b000000|100%| E|  |TAMS 0x000000008af00000, 0x000000008af00000| Complete 
| 176|0x000000008b000000, 0x000000008b100000, 0x000000008b100000|100%| E|CS|TAMS 0x000000008b000000, 0x000000008b000000| Complete 
| 177|0x000000008b100000, 0x000000008b200000, 0x000000008b200000|100%| E|CS|TAMS 0x000000008b100000, 0x000000008b100000| Complete 
| 178|0x000000008b200000, 0x000000008b300000, 0x000000008b300000|100%| E|CS|TAMS 0x000000008b200000, 0x000000008b200000| Complete 
| 179|0x000000008b300000, 0x000000008b400000, 0x000000008b400000|100%| E|CS|TAMS 0x000000008b300000, 0x000000008b300000| Complete 
| 180|0x000000008b400000, 0x000000008b500000, 0x000000008b500000|100%| E|CS|TAMS 0x000000008b400000, 0x000000008b400000| Complete 
| 181|0x000000008b500000, 0x000000008b600000, 0x000000008b600000|100%| E|CS|TAMS 0x000000008b500000, 0x000000008b500000| Complete 
| 182|0x000000008b600000, 0x000000008b700000, 0x000000008b700000|100%| E|CS|TAMS 0x000000008b600000, 0x000000008b600000| Complete 
| 183|0x000000008b700000, 0x000000008b800000, 0x000000008b800000|100%| E|CS|TAMS 0x000000008b700000, 0x000000008b700000| Complete 
| 184|0x000000008b800000, 0x000000008b900000, 0x000000008b900000|100%| E|CS|TAMS 0x000000008b800000, 0x000000008b800000| Complete 
| 185|0x000000008b900000, 0x000000008ba00000, 0x000000008ba00000|100%| E|CS|TAMS 0x000000008b900000, 0x000000008b900000| Complete 
| 186|0x000000008ba00000, 0x000000008bb00000, 0x000000008bb00000|100%| E|CS|TAMS 0x000000008ba00000, 0x000000008ba00000| Complete 
| 187|0x000000008bb00000, 0x000000008bc00000, 0x000000008bc00000|100%| E|CS|TAMS 0x000000008bb00000, 0x000000008bb00000| Complete 
| 188|0x000000008bc00000, 0x000000008bd00000, 0x000000008bd00000|100%| E|CS|TAMS 0x000000008bc00000, 0x000000008bc00000| Complete 
| 189|0x000000008bd00000, 0x000000008be00000, 0x000000008be00000|100%| E|CS|TAMS 0x000000008bd00000, 0x000000008bd00000| Complete 
| 190|0x000000008be00000, 0x000000008bf00000, 0x000000008bf00000|100%| E|CS|TAMS 0x000000008be00000, 0x000000008be00000| Complete 
| 191|0x000000008bf00000, 0x000000008c000000, 0x000000008c000000|100%| E|CS|TAMS 0x000000008bf00000, 0x000000008bf00000| Complete 
| 192|0x000000008c000000, 0x000000008c100000, 0x000000008c100000|100%| E|CS|TAMS 0x000000008c000000, 0x000000008c000000| Complete 
| 193|0x000000008c100000, 0x000000008c200000, 0x000000008c200000|100%| E|CS|TAMS 0x000000008c100000, 0x000000008c100000| Complete 
| 194|0x000000008c200000, 0x000000008c300000, 0x000000008c300000|100%| E|CS|TAMS 0x000000008c200000, 0x000000008c200000| Complete 
| 195|0x000000008c300000, 0x000000008c400000, 0x000000008c400000|100%| E|CS|TAMS 0x000000008c300000, 0x000000008c300000| Complete 
| 196|0x000000008c400000, 0x000000008c500000, 0x000000008c500000|100%| E|CS|TAMS 0x000000008c400000, 0x000000008c400000| Complete 
| 197|0x000000008c500000, 0x000000008c600000, 0x000000008c600000|100%| E|CS|TAMS 0x000000008c500000, 0x000000008c500000| Complete 
| 198|0x000000008c600000, 0x000000008c700000, 0x000000008c700000|100%| E|CS|TAMS 0x000000008c600000, 0x000000008c600000| Complete 
| 199|0x000000008c700000, 0x000000008c800000, 0x000000008c800000|100%| E|CS|TAMS 0x000000008c700000, 0x000000008c700000| Complete 
| 200|0x000000008c800000, 0x000000008c900000, 0x000000008c900000|100%| E|CS|TAMS 0x000000008c800000, 0x000000008c800000| Complete 
| 201|0x000000008c900000, 0x000000008ca00000, 0x000000008ca00000|100%| E|CS|TAMS 0x000000008c900000, 0x000000008c900000| Complete 
| 202|0x000000008ca00000, 0x000000008cb00000, 0x000000008cb00000|100%| E|CS|TAMS 0x000000008ca00000, 0x000000008ca00000| Complete 
| 203|0x000000008cb00000, 0x000000008cc00000, 0x000000008cc00000|100%| E|CS|TAMS 0x000000008cb00000, 0x000000008cb00000| Complete 
| 204|0x000000008cc00000, 0x000000008cd00000, 0x000000008cd00000|100%| E|CS|TAMS 0x000000008cc00000, 0x000000008cc00000| Complete 
| 205|0x000000008cd00000, 0x000000008ce00000, 0x000000008ce00000|100%| E|CS|TAMS 0x000000008cd00000, 0x000000008cd00000| Complete 
| 206|0x000000008ce00000, 0x000000008cf00000, 0x000000008cf00000|100%| E|CS|TAMS 0x000000008ce00000, 0x000000008ce00000| Complete 
| 207|0x000000008cf00000, 0x000000008d000000, 0x000000008d000000|100%| E|CS|TAMS 0x000000008cf00000, 0x000000008cf00000| Complete 
| 208|0x000000008d000000, 0x000000008d100000, 0x000000008d100000|100%| E|CS|TAMS 0x000000008d000000, 0x000000008d000000| Complete 
| 209|0x000000008d100000, 0x000000008d200000, 0x000000008d200000|100%| E|CS|TAMS 0x000000008d100000, 0x000000008d100000| Complete 
| 210|0x000000008d200000, 0x000000008d300000, 0x000000008d300000|100%| E|CS|TAMS 0x000000008d200000, 0x000000008d200000| Complete 
| 211|0x000000008d300000, 0x000000008d400000, 0x000000008d400000|100%| E|CS|TAMS 0x000000008d300000, 0x000000008d300000| Complete 
| 212|0x000000008d400000, 0x000000008d500000, 0x000000008d500000|100%| E|CS|TAMS 0x000000008d400000, 0x000000008d400000| Complete 
| 213|0x000000008d500000, 0x000000008d600000, 0x000000008d600000|100%| E|CS|TAMS 0x000000008d500000, 0x000000008d500000| Complete 
| 214|0x000000008d600000, 0x000000008d700000, 0x000000008d700000|100%| E|CS|TAMS 0x000000008d600000, 0x000000008d600000| Complete 
| 215|0x000000008d700000, 0x000000008d800000, 0x000000008d800000|100%| E|CS|TAMS 0x000000008d700000, 0x000000008d700000| Complete 
| 216|0x000000008d800000, 0x000000008d900000, 0x000000008d900000|100%| E|CS|TAMS 0x000000008d800000, 0x000000008d800000| Complete 
| 217|0x000000008d900000, 0x000000008da00000, 0x000000008da00000|100%| E|CS|TAMS 0x000000008d900000, 0x000000008d900000| Complete 
| 218|0x000000008da00000, 0x000000008db00000, 0x000000008db00000|100%| E|CS|TAMS 0x000000008da00000, 0x000000008da00000| Complete 
| 219|0x000000008db00000, 0x000000008dc00000, 0x000000008dc00000|100%| E|CS|TAMS 0x000000008db00000, 0x000000008db00000| Complete 
| 220|0x000000008dc00000, 0x000000008dd00000, 0x000000008dd00000|100%| E|CS|TAMS 0x000000008dc00000, 0x000000008dc00000| Complete 
| 221|0x000000008dd00000, 0x000000008de00000, 0x000000008de00000|100%| E|CS|TAMS 0x000000008dd00000, 0x000000008dd00000| Complete 
| 222|0x000000008de00000, 0x000000008df00000, 0x000000008df00000|100%| E|CS|TAMS 0x000000008de00000, 0x000000008de00000| Complete 
| 223|0x000000008df00000, 0x000000008e000000, 0x000000008e000000|100%| E|CS|TAMS 0x000000008df00000, 0x000000008df00000| Complete 
| 224|0x000000008e000000, 0x000000008e100000, 0x000000008e100000|100%| E|CS|TAMS 0x000000008e000000, 0x000000008e000000| Complete 
| 225|0x000000008e100000, 0x000000008e200000, 0x000000008e200000|100%| E|CS|TAMS 0x000000008e100000, 0x000000008e100000| Complete 
| 226|0x000000008e200000, 0x000000008e300000, 0x000000008e300000|100%| E|CS|TAMS 0x000000008e200000, 0x000000008e200000| Complete 
| 227|0x000000008e300000, 0x000000008e400000, 0x000000008e400000|100%| E|CS|TAMS 0x000000008e300000, 0x000000008e300000| Complete 
| 228|0x000000008e400000, 0x000000008e500000, 0x000000008e500000|100%| E|CS|TAMS 0x000000008e400000, 0x000000008e400000| Complete 
| 255|0x000000008ff00000, 0x0000000090000000, 0x0000000090000000|100%| E|CS|TAMS 0x000000008ff00000, 0x000000008ff00000| Complete 

Card table byte_map: [0x0000027d79aa0000,0x0000027d79ea0000] _byte_map_base: 0x0000027d796a0000

Marking Bits (Prev, Next): (CMBitMap*) 0x0000027d718f1eb0, (CMBitMap*) 0x0000027d718f1ef0
 Prev Bits: [0x0000027d7a2a0000, 0x0000027d7c2a0000)
 Next Bits: [0x0000027d7c2a0000, 0x0000027d7e2a0000)

Polling page: 0x0000027d6fa30000

Metaspace:

Usage:
  Non-class:     58.34 MB used.
      Class:      9.75 MB used.
       Both:     68.09 MB used.

Virtual space:
  Non-class space:       64.00 MB reserved,      58.75 MB ( 92%) committed,  1 nodes.
      Class space:        1.00 GB reserved,      10.06 MB ( <1%) committed,  1 nodes.
             Both:        1.06 GB reserved,      68.81 MB (  6%) committed. 

Chunk freelists:
   Non-Class:  5.22 MB
       Class:  5.95 MB
        Both:  11.17 MB

MaxMetaspaceSize: unlimited
CompressedClassSpaceSize: 1.00 GB
Initial GC threshold: 21.00 MB
Current GC threshold: 90.75 MB
CDS: on
MetaspaceReclaimPolicy: balanced
 - commit_granule_bytes: 65536.
 - commit_granule_words: 8192.
 - virtual_space_node_default_size: 8388608.
 - enlarge_chunks_in_place: 1.
 - new_chunks_are_fully_committed: 0.
 - uncommit_free_chunks: 1.
 - use_allocation_guard: 0.
 - handle_deallocations: 1.


Internal statistics:

num_allocs_failed_limit: 6.
num_arena_births: 844.
num_arena_deaths: 0.
num_vsnodes_births: 2.
num_vsnodes_deaths: 0.
num_space_committed: 1099.
num_space_uncommitted: 0.
num_chunks_returned_to_freelist: 6.
num_chunks_taken_from_freelist: 3594.
num_chunk_merges: 6.
num_chunk_splits: 2511.
num_chunks_enlarged: 1806.
num_inconsistent_stats: 0.

CodeHeap 'non-profiled nmethods': size=120000Kb used=4512Kb max_used=4512Kb free=115487Kb
 bounds [0x0000027d07ad0000, 0x0000027d07f40000, 0x0000027d0f000000]
CodeHeap 'profiled nmethods': size=120000Kb used=14949Kb max_used=14949Kb free=105050Kb
 bounds [0x0000027d00000000, 0x0000027d00ea0000, 0x0000027d07530000]
CodeHeap 'non-nmethods': size=5760Kb used=2371Kb max_used=2429Kb free=3388Kb
 bounds [0x0000027d07530000, 0x0000027d077a0000, 0x0000027d07ad0000]
 total_blobs=8762 nmethods=7864 adapters=810
 compilation: enabled
              stopped_count=0, restarted_count=0
 full_count=0

Compilation events (20 events):
Event: 9.374 Thread 0x0000027d7f8a9ea0 nmethod 8564 0x0000027d07f29c10 code [0x0000027d07f29da0, 0x0000027d07f2a0f8]
Event: 9.374 Thread 0x0000027d7f8a9ea0 8641       4       org.jetbrains.kotlin.com.intellij.openapi.vfs.impl.jar.CoreJarHandler::getOrCreateFile (106 bytes)
Event: 9.377 Thread 0x0000027d7f077090 8642       2       java.util.ArrayList::<init> (63 bytes)
Event: 9.378 Thread 0x0000027d7f077090 nmethod 8642 0x0000027d00e90a10 code [0x0000027d00e90be0, 0x0000027d00e90f18]
Event: 9.378 Thread 0x0000027d7f077090 8643       3       org.jetbrains.kotlin.com.intellij.util.ArrayUtil::realloc (87 bytes)
Event: 9.378 Thread 0x0000027d7f077090 nmethod 8643 0x0000027d00e91010 code [0x0000027d00e91240, 0x0000027d00e91968]
Event: 9.378 Thread 0x0000027d7f077090 8644       3       org.jetbrains.kotlin.com.intellij.util.SmartList$$Lambda$1228/0x0000027d12917258::create (5 bytes)
Event: 9.378 Thread 0x0000027d7f077090 nmethod 8644 0x0000027d00e91b90 code [0x0000027d00e91d20, 0x0000027d00e91f18]
Event: 9.383 Thread 0x0000027d7f077090 8646       3       java.util.zip.ZipUtils::get32 (23 bytes)
Event: 9.383 Thread 0x0000027d7f077090 nmethod 8646 0x0000027d00e92010 code [0x0000027d00e921c0, 0x0000027d00e92438]
Event: 9.383 Thread 0x0000027d7f077090 8647       3       java.util.zip.ZipUtils::get64 (17 bytes)
Event: 9.383 Thread 0x0000027d7f077090 nmethod 8647 0x0000027d00e92590 code [0x0000027d00e92740, 0x0000027d00e928b8]
Event: 9.383 Thread 0x0000027d7f077090 8648       3       java.util.zip.ZipUtils::winTimeToFileTime (16 bytes)
Event: 9.383 Thread 0x0000027d7f077090 nmethod 8648 0x0000027d00e92990 code [0x0000027d00e92b40, 0x0000027d00e92ca8]
Event: 9.383 Thread 0x0000027d7f077090 8649       3       java.util.zip.ZipUtils::get32S (17 bytes)
Event: 9.384 Thread 0x0000027d7f077090 nmethod 8649 0x0000027d00e92d90 code [0x0000027d00e92f40, 0x0000027d00e93198]
Event: 9.384 Thread 0x0000027d7f077090 8651       3       java.util.zip.ZipEntry::setExtra0 (493 bytes)
Event: 9.385 Thread 0x0000027d7f077090 nmethod 8651 0x0000027d00e93310 code [0x0000027d00e936c0, 0x0000027d00e95378]
Event: 9.385 Thread 0x0000027d7f077090 8650       3       java.util.zip.ZipUtils::unixTimeToFileTime (8 bytes)
Event: 9.385 Thread 0x0000027d7f077090 nmethod 8650 0x0000027d00e95d10 code [0x0000027d00e95ea0, 0x0000027d00e95fc8]

GC Heap History (20 events):
Event: 6.212 GC heap before
{Heap before GC invocations=13 (full 0):
 garbage-first heap   total 107520K, used 83544K [0x0000000080000000, 0x0000000100000000)
  region size 1024K, 44 young (45056K), 2 survivors (2048K)
 Metaspace       used 51396K, committed 52032K, reserved 1114112K
  class space    used 7256K, committed 7552K, reserved 1048576K
}
Event: 6.214 GC heap after
{Heap after GC invocations=14 (full 0):
 garbage-first heap   total 107520K, used 43657K [0x0000000080000000, 0x0000000100000000)
  region size 1024K, 5 young (5120K), 5 survivors (5120K)
 Metaspace       used 51396K, committed 52032K, reserved 1114112K
  class space    used 7256K, committed 7552K, reserved 1048576K
}
Event: 7.278 GC heap before
{Heap before GC invocations=14 (full 0):
 garbage-first heap   total 107520K, used 84617K [0x0000000080000000, 0x0000000100000000)
  region size 1024K, 46 young (47104K), 5 survivors (5120K)
 Metaspace       used 54651K, committed 55296K, reserved 1114112K
  class space    used 7710K, committed 8000K, reserved 1048576K
}
Event: 7.282 GC heap after
{Heap after GC invocations=15 (full 0):
 garbage-first heap   total 107520K, used 48565K [0x0000000080000000, 0x0000000100000000)
  region size 1024K, 6 young (6144K), 6 survivors (6144K)
 Metaspace       used 54651K, committed 55296K, reserved 1114112K
  class space    used 7710K, committed 8000K, reserved 1048576K
}
Event: 7.467 GC heap before
{Heap before GC invocations=15 (full 0):
 garbage-first heap   total 107520K, used 84405K [0x0000000080000000, 0x0000000100000000)
  region size 1024K, 42 young (43008K), 6 survivors (6144K)
 Metaspace       used 54921K, committed 55552K, reserved 1114112K
  class space    used 7712K, committed 8000K, reserved 1048576K
}
Event: 7.472 GC heap after
{Heap after GC invocations=16 (full 0):
 garbage-first heap   total 107520K, used 53951K [0x0000000080000000, 0x0000000100000000)
  region size 1024K, 6 young (6144K), 6 survivors (6144K)
 Metaspace       used 54921K, committed 55552K, reserved 1114112K
  class space    used 7712K, committed 8000K, reserved 1048576K
}
Event: 7.590 GC heap before
{Heap before GC invocations=16 (full 0):
 garbage-first heap   total 107520K, used 83647K [0x0000000080000000, 0x0000000100000000)
  region size 1024K, 36 young (36864K), 6 survivors (6144K)
 Metaspace       used 55097K, committed 55744K, reserved 1114112K
  class space    used 7712K, committed 8000K, reserved 1048576K
}
Event: 7.592 GC heap after
{Heap after GC invocations=17 (full 0):
 garbage-first heap   total 107520K, used 55184K [0x0000000080000000, 0x0000000100000000)
  region size 1024K, 4 young (4096K), 4 survivors (4096K)
 Metaspace       used 55097K, committed 55744K, reserved 1114112K
  class space    used 7712K, committed 8000K, reserved 1048576K
}
Event: 7.731 GC heap before
{Heap before GC invocations=18 (full 0):
 garbage-first heap   total 107520K, used 84880K [0x0000000080000000, 0x0000000100000000)
  region size 1024K, 34 young (34816K), 4 survivors (4096K)
 Metaspace       used 55167K, committed 55808K, reserved 1114112K
  class space    used 7712K, committed 8000K, reserved 1048576K
}
Event: 7.733 GC heap after
{Heap after GC invocations=19 (full 0):
 garbage-first heap   total 107520K, used 55837K [0x0000000080000000, 0x0000000100000000)
  region size 1024K, 4 young (4096K), 4 survivors (4096K)
 Metaspace       used 55167K, committed 55808K, reserved 1114112K
  class space    used 7712K, committed 8000K, reserved 1048576K
}
Event: 7.736 GC heap before
{Heap before GC invocations=19 (full 0):
 garbage-first heap   total 107520K, used 56861K [0x0000000080000000, 0x0000000100000000)
  region size 1024K, 5 young (5120K), 4 survivors (4096K)
 Metaspace       used 55168K, committed 55808K, reserved 1114112K
  class space    used 7712K, committed 8000K, reserved 1048576K
}
Event: 7.738 GC heap after
{Heap after GC invocations=20 (full 0):
 garbage-first heap   total 107520K, used 55549K [0x0000000080000000, 0x0000000100000000)
  region size 1024K, 1 young (1024K), 1 survivors (1024K)
 Metaspace       used 55168K, committed 55808K, reserved 1114112K
  class space    used 7712K, committed 8000K, reserved 1048576K
}
Event: 7.825 GC heap before
{Heap before GC invocations=20 (full 0):
 garbage-first heap   total 107520K, used 85245K [0x0000000080000000, 0x0000000100000000)
  region size 1024K, 31 young (31744K), 1 survivors (1024K)
 Metaspace       used 55210K, committed 55808K, reserved 1114112K
  class space    used 7712K, committed 8000K, reserved 1048576K
}
Event: 7.828 GC heap after
{Heap after GC invocations=21 (full 0):
 garbage-first heap   total 107520K, used 57977K [0x0000000080000000, 0x0000000100000000)
  region size 1024K, 4 young (4096K), 4 survivors (4096K)
 Metaspace       used 55210K, committed 55808K, reserved 1114112K
  class space    used 7712K, committed 8000K, reserved 1048576K
}
Event: 7.915 GC heap before
{Heap before GC invocations=22 (full 0):
 garbage-first heap   total 117760K, used 85625K [0x0000000080000000, 0x0000000100000000)
  region size 1024K, 32 young (32768K), 4 survivors (4096K)
 Metaspace       used 55214K, committed 55808K, reserved 1114112K
  class space    used 7713K, committed 8000K, reserved 1048576K
}
Event: 7.917 GC heap after
{Heap after GC invocations=23 (full 0):
 garbage-first heap   total 117760K, used 58916K [0x0000000080000000, 0x0000000100000000)
  region size 1024K, 4 young (4096K), 4 survivors (4096K)
 Metaspace       used 55214K, committed 55808K, reserved 1114112K
  class space    used 7713K, committed 8000K, reserved 1048576K
}
Event: 7.919 GC heap before
{Heap before GC invocations=23 (full 0):
 garbage-first heap   total 117760K, used 58916K [0x0000000080000000, 0x0000000100000000)
  region size 1024K, 5 young (5120K), 4 survivors (4096K)
 Metaspace       used 55214K, committed 55808K, reserved 1114112K
  class space    used 7713K, committed 8000K, reserved 1048576K
}
Event: 7.921 GC heap after
{Heap after GC invocations=24 (full 0):
 garbage-first heap   total 235520K, used 57601K [0x0000000080000000, 0x0000000100000000)
  region size 1024K, 1 young (1024K), 1 survivors (1024K)
 Metaspace       used 55214K, committed 55808K, reserved 1114112K
  class space    used 7713K, committed 8000K, reserved 1048576K
}
Event: 9.081 GC heap before
{Heap before GC invocations=24 (full 0):
 garbage-first heap   total 235520K, used 179457K [0x0000000080000000, 0x0000000100000000)
  region size 1024K, 121 young (123904K), 1 survivors (1024K)
 Metaspace       used 68690K, committed 69376K, reserved 1114112K
  class space    used 9882K, committed 10240K, reserved 1048576K
}
Event: 9.085 GC heap after
{Heap after GC invocations=25 (full 0):
 garbage-first heap   total 235520K, used 64892K [0x0000000080000000, 0x0000000100000000)
  region size 1024K, 8 young (8192K), 8 survivors (8192K)
 Metaspace       used 68690K, committed 69376K, reserved 1114112K
  class space    used 9882K, committed 10240K, reserved 1048576K
}

Deoptimization events (20 events):
Event: 9.272 Thread 0x0000027d57869ea0 Uncommon trap: trap_request=0xffffff45 fr.pc=0x0000027d07f16ad4 relative=0x0000000000000474
Event: 9.272 Thread 0x0000027d57869ea0 Uncommon trap: reason=unstable_if action=reinterpret pc=0x0000027d07f16ad4 method=org.jetbrains.kotlin.com.intellij.openapi.vfs.impl.ZipEntryMap.isTheOne(Lorg/jetbrains/kotlin/com/intellij/openapi/vfs/impl/ArchiveHandler$EntryInfo;Ljava/lang/CharSequence;
Event: 9.272 Thread 0x0000027d57869ea0 DEOPT PACKING pc=0x0000027d07f16ad4 sp=0x0000009432bf5ac0
Event: 9.272 Thread 0x0000027d57869ea0 DEOPT UNPACKING pc=0x0000027d075823a3 sp=0x0000009432bf5a80 mode 2
Event: 9.279 Thread 0x0000027d57869ea0 Uncommon trap: trap_request=0xffffff45 fr.pc=0x0000027d07ce4564 relative=0x0000000000000064
Event: 9.279 Thread 0x0000027d57869ea0 Uncommon trap: reason=unstable_if action=reinterpret pc=0x0000027d07ce4564 method=java.util.zip.ZipFile$ZipEntryIterator.hasNext()Z @ 8 c2
Event: 9.279 Thread 0x0000027d57869ea0 DEOPT PACKING pc=0x0000027d07ce4564 sp=0x0000009432bf5d30
Event: 9.279 Thread 0x0000027d57869ea0 DEOPT UNPACKING pc=0x0000027d075823a3 sp=0x0000009432bf5c68 mode 2
Event: 9.345 Thread 0x0000027d57869ea0 Uncommon trap: trap_request=0xffffff45 fr.pc=0x0000027d07f20968 relative=0x0000000000000248
Event: 9.345 Thread 0x0000027d57869ea0 Uncommon trap: reason=unstable_if action=reinterpret pc=0x0000027d07f20968 method=org.jetbrains.kotlin.com.intellij.util.SmartList.add(Ljava/lang/Object;)Z @ 6 c2
Event: 9.345 Thread 0x0000027d57869ea0 DEOPT PACKING pc=0x0000027d07f20968 sp=0x0000009432bf5d10
Event: 9.345 Thread 0x0000027d57869ea0 DEOPT UNPACKING pc=0x0000027d075823a3 sp=0x0000009432bf5cd0 mode 2
Event: 9.359 Thread 0x0000027d57869ea0 Uncommon trap: trap_request=0xffffff45 fr.pc=0x0000027d07f26df8 relative=0x0000000000002078
Event: 9.359 Thread 0x0000027d57869ea0 Uncommon trap: reason=unstable_if action=reinterpret pc=0x0000027d07f26df8 method=org.jetbrains.kotlin.com.intellij.openapi.vfs.impl.jar.CoreJarHandler.getOrCreateFile(Lorg/jetbrains/kotlin/com/intellij/openapi/vfs/impl/ArchiveHandler$EntryInfo;Ljava/util
Event: 9.359 Thread 0x0000027d57869ea0 DEOPT PACKING pc=0x0000027d07f26df8 sp=0x0000009432bf5e00
Event: 9.359 Thread 0x0000027d57869ea0 DEOPT UNPACKING pc=0x0000027d075823a3 sp=0x0000009432bf5e00 mode 2
Event: 9.365 Thread 0x0000027d57869ea0 DEOPT PACKING pc=0x0000027d00e59d61 sp=0x0000009432bf5510
Event: 9.365 Thread 0x0000027d57869ea0 DEOPT UNPACKING pc=0x0000027d07582b43 sp=0x0000009432bf4a90 mode 0
Event: 9.383 Thread 0x0000027d57869ea0 DEOPT PACKING pc=0x0000027d00e59d61 sp=0x0000009432bf5510
Event: 9.383 Thread 0x0000027d57869ea0 DEOPT UNPACKING pc=0x0000027d07582b43 sp=0x0000009432bf4a90 mode 0

Classes unloaded (0 events):
No events

Classes redefined (0 events):
No events

Internal exceptions (20 events):
Event: 8.037 Thread 0x0000027d5786b2e0 Exception <a 'java/lang/NoSuchMethodError'{0x000000008cae1eb0}: static Lorg/gradle/internal/build/event/types/DefaultPluginApplicationResult;.<clinit>()V> (0x000000008cae1eb0) 
thrown [s\open\src\hotspot\share\prims\jni.cpp, line 1112]
Event: 8.038 Thread 0x0000027d5786b2e0 Exception <a 'java/lang/NoSuchMethodError'{0x000000008caeea98}: static Lorg/gradle/internal/build/event/types/DefaultBinaryPluginIdentifier;.<clinit>()V> (0x000000008caeea98) 
thrown [s\open\src\hotspot\share\prims\jni.cpp, line 1112]
Event: 8.039 Thread 0x0000027d5786b2e0 Exception <a 'java/lang/NoSuchMethodError'{0x000000008c9089b0}: static Lorg/gradle/internal/build/event/types/DefaultScriptPluginIdentifier;.<clinit>()V> (0x000000008c9089b0) 
thrown [s\open\src\hotspot\share\prims\jni.cpp, line 1112]
Event: 8.093 Thread 0x0000027d57869ea0 Exception <a 'java/lang/IncompatibleClassChangeError'{0x000000008c4410a8}: Found class java.lang.Object, but interface was expected> (0x000000008c4410a8) 
thrown [s\open\src\hotspot\share\interpreter\linkResolver.cpp, line 826]
Event: 8.105 Thread 0x0000027d57869ea0 Exception <a 'java/lang/NoSuchMethodError'{0x000000008c396ad8}: 'void java.lang.invoke.DirectMethodHandle$Holder.invokeVirtual(java.lang.Object, java.lang.Object)'> (0x000000008c396ad8) 
thrown [s\open\src\hotspot\share\interpreter\linkResolver.cpp, line 759]
Event: 8.299 Thread 0x0000027d57869ea0 Implicit null exception at 0x0000027d07ef4513 to 0x0000027d07ef465c
Event: 8.463 Thread 0x0000027d57869ea0 Exception <a 'sun/nio/fs/WindowsException'{0x000000008a538b80}> (0x000000008a538b80) 
thrown [s\open\src\hotspot\share\prims\jni.cpp, line 516]
Event: 8.463 Thread 0x0000027d57869ea0 Exception <a 'sun/nio/fs/WindowsException'{0x000000008a53a638}> (0x000000008a53a638) 
thrown [s\open\src\hotspot\share\prims\jni.cpp, line 516]
Event: 8.585 Thread 0x0000027d57869ea0 Exception <a 'java/lang/NoSuchMethodError'{0x0000000089ac6db8}: 'long java.lang.invoke.DirectMethodHandle$Holder.invokeStatic(java.lang.Object)'> (0x0000000089ac6db8) 
thrown [s\open\src\hotspot\share\interpreter\linkResolver.cpp, line 759]
Event: 8.586 Thread 0x0000027d57869ea0 Exception <a 'java/lang/NoSuchMethodError'{0x0000000089acb958}: 'long java.lang.invoke.DirectMethodHandle$Holder.invokeStaticInit(java.lang.Object)'> (0x0000000089acb958) 
thrown [s\open\src\hotspot\share\interpreter\linkResolver.cpp, line 759]
Event: 8.635 Thread 0x0000027d57869ea0 Exception <a 'java/lang/NoSuchMethodError'{0x000000008941d870}: 'long java.lang.invoke.Invokers$Holder.invoke_MT(java.lang.Object, java.lang.Object, java.lang.Object, java.lang.Object)'> (0x000000008941d870) 
thrown [s\open\src\hotspot\share\interpreter\linkResolver.cpp, line 759]
Event: 8.636 Thread 0x0000027d57869ea0 Exception <a 'java/lang/NoSuchMethodError'{0x0000000089426c18}: 'int java.lang.invoke.Invokers$Holder.invoke_MT(java.lang.Object, java.lang.Object, java.lang.Object, java.lang.Object)'> (0x0000000089426c18) 
thrown [s\open\src\hotspot\share\interpreter\linkResolver.cpp, line 759]
Event: 8.636 Thread 0x0000027d57869ea0 Exception <a 'java/lang/NoSuchMethodError'{0x0000000089433910}: 'void java.lang.invoke.DelegatingMethodHandle$Holder.reinvoke_L(java.lang.Object, java.lang.Object, java.lang.Object, long, java.lang.Object)'> (0x0000000089433910) 
thrown [s\open\src\hotspot\share\interpreter\linkResolver.cpp, line 759]
Event: 8.637 Thread 0x0000027d57869ea0 Exception <a 'java/lang/NoSuchMethodError'{0x0000000089447180}: 'int java.lang.invoke.DelegatingMethodHandle$Holder.reinvoke_L(java.lang.Object, java.lang.Object, java.lang.Object, long, java.lang.Object, java.lang.Object)'> (0x0000000089447180) 
thrown [s\open\src\hotspot\share\interpreter\linkResolver.cpp, line 759]
Event: 8.637 Thread 0x0000027d57869ea0 Exception <a 'java/lang/NoSuchMethodError'{0x00000000894574f0}: 'int java.lang.invoke.DelegatingMethodHandle$Holder.reinvoke_L(java.lang.Object, java.lang.Object, java.lang.Object, long, int, int)'> (0x00000000894574f0) 
thrown [s\open\src\hotspot\share\interpreter\linkResolver.cpp, line 759]
Event: 8.638 Thread 0x0000027d57869ea0 Exception <a 'java/lang/NoSuchMethodError'{0x00000000894672d8}: 'int java.lang.invoke.DelegatingMethodHandle$Holder.reinvoke_L(java.lang.Object, java.lang.Object, java.lang.Object, long, long, long)'> (0x00000000894672d8) 
thrown [s\open\src\hotspot\share\interpreter\linkResolver.cpp, line 759]
Event: 8.638 Thread 0x0000027d57869ea0 Exception <a 'java/lang/NoSuchMethodError'{0x0000000089476da0}: 'int java.lang.invoke.DelegatingMethodHandle$Holder.reinvoke_L(java.lang.Object, java.lang.Object, java.lang.Object, long, int)'> (0x0000000089476da0) 
thrown [s\open\src\hotspot\share\interpreter\linkResolver.cpp, line 759]
Event: 9.093 Thread 0x0000027d57869ea0 Exception <a 'java/lang/NoSuchMethodError'{0x000000008ffb0438}: 'java.lang.Object java.lang.invoke.Invokers$Holder.invokeExact_MT(java.lang.Object, java.lang.Object, long, java.lang.Object)'> (0x000000008ffb0438) 
thrown [s\open\src\hotspot\share\interpreter\linkResolver.cpp, line 759]
Event: 9.128 Thread 0x0000027d57869ea0 Exception <a 'java/lang/NoSuchMethodError'{0x000000008e2264f0}: 'java.lang.Object java.lang.invoke.Invokers$Holder.invoke_MT(java.lang.Object, java.lang.Object, java.lang.Object)'> (0x000000008e2264f0) 
thrown [s\open\src\hotspot\share\interpreter\linkResolver.cpp, line 759]
Event: 9.359 Thread 0x0000027d57869ea0 Implicit null exception at 0x0000027d07f24f0c to 0x0000027d07f26dc8

VM Operations (20 events):
Event: 8.128 Executing VM operation: HandshakeAllThreads
Event: 8.129 Executing VM operation: HandshakeAllThreads done
Event: 8.133 Executing VM operation: HandshakeAllThreads
Event: 8.134 Executing VM operation: HandshakeAllThreads done
Event: 8.198 Executing VM operation: HandshakeAllThreads
Event: 8.199 Executing VM operation: HandshakeAllThreads done
Event: 8.200 Executing VM operation: HandshakeAllThreads
Event: 8.200 Executing VM operation: HandshakeAllThreads done
Event: 8.417 Executing VM operation: ICBufferFull
Event: 8.417 Executing VM operation: ICBufferFull done
Event: 8.458 Executing VM operation: HandshakeAllThreads
Event: 8.458 Executing VM operation: HandshakeAllThreads done
Event: 8.591 Executing VM operation: HandshakeAllThreads
Event: 8.591 Executing VM operation: HandshakeAllThreads done
Event: 9.009 Executing VM operation: HandshakeAllThreads
Event: 9.009 Executing VM operation: HandshakeAllThreads done
Event: 9.038 Executing VM operation: HandshakeAllThreads
Event: 9.038 Executing VM operation: HandshakeAllThreads done
Event: 9.080 Executing VM operation: G1CollectForAllocation
Event: 9.085 Executing VM operation: G1CollectForAllocation done

Events (20 events):
Event: 9.116 loading class jdk/internal/jrtfs/JrtFileSystemProvider$JrtFsLoader
Event: 9.116 loading class jdk/internal/jrtfs/JrtFileSystemProvider$JrtFsLoader done
Event: 9.122 loading class java/io/IOError
Event: 9.122 loading class java/io/IOError done
Event: 9.126 loading class java/nio/channels/FileChannel$MapMode
Event: 9.126 loading class java/nio/channels/FileChannel$MapMode done
Event: 9.126 loading class jdk/internal/misc/ExtendedMapMode
Event: 9.127 loading class jdk/internal/misc/ExtendedMapMode done
Event: 9.128 loading class sun/nio/ch/FileChannelImpl$DefaultUnmapper
Event: 9.128 loading class sun/nio/ch/FileChannelImpl$Unmapper
Event: 9.128 loading class jdk/internal/access/foreign/UnmapperProxy
Event: 9.128 loading class jdk/internal/access/foreign/UnmapperProxy done
Event: 9.128 loading class sun/nio/ch/FileChannelImpl$Unmapper done
Event: 9.128 loading class sun/nio/ch/FileChannelImpl$DefaultUnmapper done
Event: 9.128 loading class sun/nio/ch/Util$4
Event: 9.128 loading class sun/nio/ch/Util$4 done
Event: 9.129 loading class java/io/UTFDataFormatException
Event: 9.129 loading class java/io/UTFDataFormatException done
Event: 9.226 Thread 0x0000027d7f8a9ea0 Thread added: 0x0000027d7f8a9ea0
Event: 9.226 Thread 0x0000027d7f8aa3f0 Thread added: 0x0000027d7f8aa3f0


Dynamic libraries:
0x00007ff703120000 - 0x00007ff703130000 	C:\Program Files\Java\jdk-17\bin\java.exe
0x00007ffbbc7c0000 - 0x00007ffbbca29000 	C:\WINDOWS\SYSTEM32\ntdll.dll
0x00007ffbbb380000 - 0x00007ffbbb449000 	C:\WINDOWS\System32\KERNEL32.DLL
0x00007ffbb9aa0000 - 0x00007ffbb9e93000 	C:\WINDOWS\System32\KERNELBASE.dll
0x00007ffbb9950000 - 0x00007ffbb9a9b000 	C:\WINDOWS\System32\ucrtbase.dll
0x00007ffb96180000 - 0x00007ffb96199000 	C:\Program Files\Java\jdk-17\bin\jli.dll
0x00007ffb96270000 - 0x00007ffb9628b000 	C:\Program Files\Java\jdk-17\bin\VCRUNTIME140.dll
0x00007ffbbb460000 - 0x00007ffbbb514000 	C:\WINDOWS\System32\ADVAPI32.dll
0x00007ffbbbdd0000 - 0x00007ffbbbe79000 	C:\WINDOWS\System32\msvcrt.dll
0x00007ffbbaa50000 - 0x00007ffbbaaf6000 	C:\WINDOWS\System32\sechost.dll
0x00007ffbbb6c0000 - 0x00007ffbbb7d8000 	C:\WINDOWS\System32\RPCRT4.dll
0x00007ffbbc200000 - 0x00007ffbbc3c4000 	C:\WINDOWS\System32\USER32.dll
0x00007ffbb9f60000 - 0x00007ffbb9f87000 	C:\WINDOWS\System32\win32u.dll
0x00007ffb9f6c0000 - 0x00007ffb9f953000 	C:\WINDOWS\WinSxS\amd64_microsoft.windows.common-controls_6595b64144ccf1df_6.0.26100.5074_none_3e0d6f78e32fd63f\COMCTL32.dll
0x00007ffbbab80000 - 0x00007ffbbabab000 	C:\WINDOWS\System32\GDI32.dll
0x00007ffbba3d0000 - 0x00007ffbba4fd000 	C:\WINDOWS\System32\gdi32full.dll
0x00007ffbba1a0000 - 0x00007ffbba243000 	C:\WINDOWS\System32\msvcp_win.dll
0x00007ffbac590000 - 0x00007ffbac59b000 	C:\WINDOWS\SYSTEM32\VERSION.dll
0x00007ffbba7e0000 - 0x00007ffbba80f000 	C:\WINDOWS\System32\IMM32.DLL
0x00007ffb9bd10000 - 0x00007ffb9bd1c000 	C:\Program Files\Java\jdk-17\bin\vcruntime140_1.dll
0x00007ffb960f0000 - 0x00007ffb9617e000 	C:\Program Files\Java\jdk-17\bin\msvcp140.dll
0x00007ffb95510000 - 0x00007ffb960f0000 	C:\Program Files\Java\jdk-17\bin\server\jvm.dll
0x00007ffbbb450000 - 0x00007ffbbb458000 	C:\WINDOWS\System32\PSAPI.DLL
0x00007ffb9bbc0000 - 0x00007ffb9bbca000 	C:\WINDOWS\SYSTEM32\WSOCK32.dll
0x00007ffbaf9e0000 - 0x00007ffbafa15000 	C:\WINDOWS\SYSTEM32\WINMM.dll
0x00007ffbbb300000 - 0x00007ffbbb374000 	C:\WINDOWS\System32\WS2_32.dll
0x00007ffbb86f0000 - 0x00007ffbb870b000 	C:\WINDOWS\SYSTEM32\kernel.appcore.dll
0x00007ffb99020000 - 0x00007ffb9902a000 	C:\Program Files\Java\jdk-17\bin\jimage.dll
0x00007ffbaca50000 - 0x00007ffbacc92000 	C:\WINDOWS\SYSTEM32\DBGHELP.DLL
0x00007ffbbbe80000 - 0x00007ffbbc1fb000 	C:\WINDOWS\System32\combase.dll
0x00007ffbba830000 - 0x00007ffbba907000 	C:\WINDOWS\System32\OLEAUT32.dll
0x00007ffba9750000 - 0x00007ffba978d000 	C:\WINDOWS\SYSTEM32\dbgcore.DLL
0x00007ffbb9f90000 - 0x00007ffbba029000 	C:\WINDOWS\System32\bcryptPrimitives.dll
0x00007ffb94f40000 - 0x00007ffb94f4e000 	C:\Program Files\Java\jdk-17\bin\instrument.dll
0x00007ffb954e0000 - 0x00007ffb95505000 	C:\Program Files\Java\jdk-17\bin\java.dll
0x00007ffb95400000 - 0x00007ffb954d7000 	C:\Program Files\Java\jdk-17\bin\jsvml.dll
0x00007ffbbabb0000 - 0x00007ffbbb2fd000 	C:\WINDOWS\System32\SHELL32.dll
0x00007ffbba030000 - 0x00007ffbba19c000 	C:\WINDOWS\System32\wintypes.dll
0x00007ffbb7590000 - 0x00007ffbb7de9000 	C:\WINDOWS\SYSTEM32\windows.storage.dll
0x00007ffbba600000 - 0x00007ffbba6f0000 	C:\WINDOWS\System32\SHCORE.dll
0x00007ffbbc490000 - 0x00007ffbbc4f2000 	C:\WINDOWS\System32\shlwapi.dll
0x00007ffbb9870000 - 0x00007ffbb9899000 	C:\WINDOWS\SYSTEM32\profapi.dll
0x00007ffb95360000 - 0x00007ffb95378000 	C:\Program Files\Java\jdk-17\bin\zip.dll
0x00007ffb953a0000 - 0x00007ffb953b9000 	C:\Program Files\Java\jdk-17\bin\net.dll
0x00007ffbaf850000 - 0x00007ffbaf96f000 	C:\WINDOWS\SYSTEM32\WINHTTP.dll
0x00007ffbb8c50000 - 0x00007ffbb8cbb000 	C:\WINDOWS\system32\mswsock.dll
0x00007ffb95380000 - 0x00007ffb95396000 	C:\Program Files\Java\jdk-17\bin\nio.dll
0x00007ffb93d70000 - 0x00007ffb93d80000 	C:\Program Files\Java\jdk-17\bin\verify.dll
0x00007ffb97230000 - 0x00007ffb97257000 	C:\Users\berat\.gradle\native\c067742578af261105cb4f569cf0c3c89f3d7b1fecec35dd04571415982c5e48\windows-amd64\native-platform.dll
0x00007ffb5da60000 - 0x00007ffb5dba4000 	C:\Users\berat\.gradle\native\100fb08df4bc3b14c8652ba06237920a3bd2aa13389f12d3474272988ae205f9\windows-amd64\native-platform-file-events.dll
0x00007ffb97270000 - 0x00007ffb9727a000 	C:\Program Files\Java\jdk-17\bin\management.dll
0x00007ffb97260000 - 0x00007ffb9726b000 	C:\Program Files\Java\jdk-17\bin\management_ext.dll
0x00007ffbb9020000 - 0x00007ffbb903b000 	C:\WINDOWS\SYSTEM32\CRYPTSP.dll
0x00007ffbb8650000 - 0x00007ffbb868b000 	C:\WINDOWS\system32\rsaenh.dll
0x00007ffbb8cf0000 - 0x00007ffbb8d1b000 	C:\WINDOWS\SYSTEM32\USERENV.dll
0x00007ffbb9840000 - 0x00007ffbb9866000 	C:\WINDOWS\SYSTEM32\bcrypt.dll
0x00007ffbb8e80000 - 0x00007ffbb8e8c000 	C:\WINDOWS\SYSTEM32\CRYPTBASE.dll
0x00007ffbb80f0000 - 0x00007ffbb8124000 	C:\WINDOWS\SYSTEM32\IPHLPAPI.DLL
0x00007ffbba910000 - 0x00007ffbba91a000 	C:\WINDOWS\System32\NSI.dll
0x00007ffbaf270000 - 0x00007ffbaf28e000 	C:\WINDOWS\SYSTEM32\dhcpcsvc6.DLL
0x00007ffbaf240000 - 0x00007ffbaf263000 	C:\WINDOWS\SYSTEM32\dhcpcsvc.DLL
0x00007ffbb8180000 - 0x00007ffbb82a6000 	C:\WINDOWS\SYSTEM32\DNSAPI.dll
0x00007ffb93d60000 - 0x00007ffb93d6e000 	C:\Program Files\Java\jdk-17\bin\sunmscapi.dll
0x00007ffbba250000 - 0x00007ffbba3c7000 	C:\WINDOWS\System32\CRYPT32.dll
0x00007ffbb9170000 - 0x00007ffbb91a0000 	C:\WINDOWS\SYSTEM32\ncrypt.dll
0x00007ffbb9120000 - 0x00007ffbb915f000 	C:\WINDOWS\SYSTEM32\NTASN1.dll
0x00007ffb97280000 - 0x00007ffb97288000 	C:\WINDOWS\system32\wshunix.dll

dbghelp: loaded successfully - version: 4.0.5 - missing functions: none
symbol engine: initialized successfully - sym options: 0x614 - pdb path: .;C:\Program Files\Java\jdk-17\bin;C:\WINDOWS\SYSTEM32;C:\WINDOWS\WinSxS\amd64_microsoft.windows.common-controls_6595b64144ccf1df_6.0.26100.5074_none_3e0d6f78e32fd63f;C:\Program Files\Java\jdk-17\bin\server;C:\Users\berat\.gradle\native\c067742578af261105cb4f569cf0c3c89f3d7b1fecec35dd04571415982c5e48\windows-amd64;C:\Users\berat\.gradle\native\100fb08df4bc3b14c8652ba06237920a3bd2aa13389f12d3474272988ae205f9\windows-amd64

VM Arguments:
jvm_args: --add-opens=java.base/java.util=ALL-UNNAMED --add-opens=java.base/java.lang=ALL-UNNAMED --add-opens=java.base/java.lang.invoke=ALL-UNNAMED --add-opens=java.prefs/java.util.prefs=ALL-UNNAMED --add-exports=jdk.compiler/com.sun.tools.javac.api=ALL-UNNAMED --add-exports=jdk.compiler/com.sun.tools.javac.util=ALL-UNNAMED --add-opens=java.base/java.nio.charset=ALL-UNNAMED --add-opens=java.base/java.net=ALL-UNNAMED --add-opens=java.base/java.util.concurrent.atomic=ALL-UNNAMED -Xmx2048m -Dfile.encoding=UTF-8 -Duser.country=GB -Duser.language=en -Duser.variant -javaagent:C:\Users\berat\.gradle\wrapper\dists\gradle-8.9-bin\90cnw93cvbtalezasaz0blq0a\gradle-8.9\lib\agents\gradle-instrumentation-agent-8.9.jar 
java_command: org.gradle.launcher.daemon.bootstrap.GradleDaemon 8.9
java_class_path (initial): C:\Users\berat\.gradle\wrapper\dists\gradle-8.9-bin\90cnw93cvbtalezasaz0blq0a\gradle-8.9\lib\gradle-daemon-main-8.9.jar
Launcher Type: SUN_STANDARD

[Global flags]
     intx CICompilerCount                          = 4                                         {product} {ergonomic}
     uint ConcGCThreads                            = 3                                         {product} {ergonomic}
     uint G1ConcRefinementThreads                  = 10                                        {product} {ergonomic}
   size_t G1HeapRegionSize                         = 1048576                                   {product} {ergonomic}
    uintx GCDrainStackTargetSize                   = 64                                        {product} {ergonomic}
   size_t InitialHeapSize                          = 268435456                                 {product} {ergonomic}
   size_t MarkStackSize                            = 4194304                                   {product} {ergonomic}
   size_t MaxHeapSize                              = 2147483648                                {product} {command line}
   size_t MaxNewSize                               = 1287651328                                {product} {ergonomic}
   size_t MinHeapDeltaBytes                        = 1048576                                   {product} {ergonomic}
   size_t MinHeapSize                              = 8388608                                   {product} {ergonomic}
    uintx NonNMethodCodeHeapSize                   = 5839372                                {pd product} {ergonomic}
    uintx NonProfiledCodeHeapSize                  = 122909434                              {pd product} {ergonomic}
    uintx ProfiledCodeHeapSize                     = 122909434                              {pd product} {ergonomic}
    uintx ReservedCodeCacheSize                    = 251658240                              {pd product} {ergonomic}
     bool SegmentedCodeCache                       = true                                      {product} {ergonomic}
   size_t SoftMaxHeapSize                          = 2147483648                             {manageable} {ergonomic}
     bool UseCompressedClassPointers               = true                           {product lp64_product} {ergonomic}
     bool UseCompressedOops                        = true                           {product lp64_product} {ergonomic}
     bool UseG1GC                                  = true                                      {product} {ergonomic}
     bool UseLargePagesIndividualAllocation        = false                                  {pd product} {ergonomic}

Logging:
Log output configuration:
 #0: stdout all=warning uptime,level,tags
 #1: stderr all=off uptime,level,tags

Environment Variables:
JAVA_HOME=C:\Program Files\Java\jdk-17
PATH=c:\Users\berat\AppData\Local\Programs\cursor\resources\app\bin;C:\Program Files (x86)\Common Files\Intel\Shared Libraries\redist\intel64_win\compiler;C:\Program Files\Microsoft\jdk-11.0.16.101-hotspot\bin;C:\Program Files (x86)\Common Files\Intel\Shared Libraries\redist\intel64\compiler;C:\Program Files\Common Files\Oracle\Java\javapath;C:\Windows\system32;C:\Windows;C:\Windows\System32\Wbem;C:\Windows\System32\WindowsPowerShell\v1.0\;C:\Windows\System32\OpenSSH\;C:\Program Files\Go\bin;C:\Program Files\Microsoft SQL Server\150\Tools\Binn\;C:\Program Files\Microsoft SQL Server\Client SDK\ODBC\170\Tools\Binn\;C:\Program Files\dotnet\;C:\ProgramData\chocolatey\bin;C:\Program Files\Git\cmd;C:\kobweb-0.9.18\bin;C:\amazon-corretto-11.0.25.9.1-windows-x64-jdk\jdk11.0.25_9;C:\Users\berat\AppData\Local\Programs\Python\Python311\Scripts\;C:\Users\berat\AppData\Local\Programs\Python\Python311\;C:\Users\berat\AppData\Local\Microsoft\WindowsApps;C:\Users\berat\go\bin;C:\Program Files\JetBrains\IntelliJ IDEA;C:\Users\berat\AppData\Local\Programs\Python\Python311\Scripts;C:\Program Files\nodejs;C:\WINDOWS\system32;C:\WINDOWS;C:\WINDOWS\System32\Wbem;C:\WINDOWS\System32\WindowsPowerShell\v1.0\;C:\WINDOWS\System32\OpenSSH\;C:\Program Files\nodejs\;C:\Users\berat\.cargo\bin;C:\Users\berat\AppData\Local\Programs\Python\Python311\Scripts\;C:\Users\berat\AppData\Local\Programs\Python\Python311\;C:\Users\berat\AppData\Local\Microsoft\WindowsApps;C:\Users\berat\go\bin;C:\Program Files\JetBrains\IntelliJ IDEA Community Edition 2022.3.3\bin;C:\Users\berat\.dotnet\tools;C:\Program Files\JetBrains\PyCharm Community Edition 2022.3.3\bin;C:\Program Files\Java\jdk-19\bin;C:\Program Files\JetBrains\IntelliJ IDEA Community Edition 2022.3.3\plugins\Kotlin\kotlinc\bin;C:\Users\berat\flutter\bin;C:\amazon-corretto-11.0.25.9.1-windows-x64-jdk\jdk11.0.25_9;C:\Users\berat\AppData\Local\JetBrains\Toolbox\scripts;D:\Programs\PyCharm\PyCharm Community Edition 2024.3\bin;;C:\Users\berat\AppData\Local\Mic
USERNAME=berat
OS=Windows_NT
PROCESSOR_IDENTIFIER=AMD64 Family 23 Model 113 Stepping 0, AuthenticAMD



---------------  S Y S T E M  ---------------

OS:
 Windows 11 , 64 bit Build 26100 (10.0.26100.5074)
OS uptime: 0 days 1:22 hours
Hyper-V role detected

CPU: total 12 (initial active 12) (12 cores per cpu, 2 threads per core) family 23 model 113 stepping 0 microcode 0x8701034, cx8, cmov, fxsr, ht, mmx, 3dnowpref, sse, sse2, sse3, ssse3, sse4a, sse4.1, sse4.2, popcnt, lzcnt, tsc, tscinvbit, avx, avx2, aes, clmul, bmi1, bmi2, adx, sha, fma, vzeroupper, clflush, clflushopt, hv

Memory: 4k page, system-wide physical 16291M (3179M free)
TotalPageFile size 19235M (AvailPageFile size 2086M)
current process WorkingSet (physical memory assigned to process): 456M, peak: 459M
current process commit charge ("private bytes"): 504M, peak: 508M

vm_info: Java HotSpot(TM) 64-Bit Server VM (17.0.12+8-LTS-286) for windows-amd64 JRE (17.0.12+8-LTS-286), built on Jun  5 2024 06:46:59 by "mach5one" with MS VC++ 17.6 (VS2022)

END.
